#
# A fatal error has been detected by the Java Runtime Environment:
#
#  SIGSEGV (0xb) at pc=0x00007f6f73793cae, pid=19383, tid=19396
#
# JRE version: OpenJDK Runtime Environment (11.0.3+4) (build 11.0.3+4)
# Java VM: OpenJDK 64-Bit Server VM (11.0.3+4, mixed mode, tiered, compressed oops, g1 gc, linux-amd64)
# Problematic frame:
# V  [libjvm.so+0xca0cae]
#
# Core dump will be written. Default location: Core dumps may be processed with "/usr/lib/systemd/systemd-coredump %P %u %g %s %t %c %h %e" (or dumping to /home/asparagus/Desktop/ClueGameWorkspace/ClueGame/core.19383)
#
# If you would like to submit a bug report, please visit:
#   http://bugreport.java.com/bugreport/crash.jsp
#

---------------  S U M M A R Y ------------

Command Line: -agentlib:jdwp=transport=dt_socket,suspend=y,address=localhost:33643 -javaagent:/home/asparagus/.eclipse/org.eclipse.platform_4.11.0_155965261_linux_gtk_x86_64/configuration/org.eclipse.osgi/219/0/.cp/lib/javaagent-shaded.jar -Dfile.encoding=UTF-8 clueGame.ControlPanel

Host: Intel(R) Core(TM) i7-7700HQ CPU @ 2.80GHz, 8 cores, 15G, Arch Linux
Time: Thu Apr 11 23:40:55 2019 MDT elapsed time: 1496 seconds (0d 0h 24m 56s)

---------------  T H R E A D  ---------------

Current thread (0x00007f6f6c253800):  VMThread "VM Thread" [stack: 0x00007f6f4812d000,0x00007f6f4822d000] [id=19396]

Stack: [0x00007f6f4812d000,0x00007f6f4822d000],  sp=0x00007f6f4822b0b0,  free space=1016k
Native frames: (J=compiled Java code, A=aot compiled Java code, j=interpreted, Vv=VM code, C=native code)
V  [libjvm.so+0xca0cae]
V  [libjvm.so+0x7d55db]
V  [libjvm.so+0x7da075]
V  [libjvm.so+0x7dbaac]
V  [libjvm.so+0x7dbda1]
V  [libjvm.so+0xba4ed5]
V  [libjvm.so+0xba5dcb]
V  [libjvm.so+0xba6248]
V  [libjvm.so+0xb4654f]
V  [libjvm.so+0x9e2f2a]
V  [libjvm.so+0xdc645c]
V  [libjvm.so+0xdc4be9]
V  [libjvm.so+0xdc52af]
V  [libjvm.so+0xdc5538]
V  [libjvm.so+0xd59b27]
V  [libjvm.so+0xbbd781]


siginfo: si_signo: 11 (SIGSEGV), si_code: 1 (SEGV_MAPERR), si_addr: 0x0000000000000006

Register to memory mapping:

RAX=0x0000000000000001 is an unknown value
RBX=0x00007f6f4822b800 points into unknown readable memory: a0 57 b7 73 6f 7f 00 00
RCX=0x00000000000000e2 is an unknown value
RDX=0x0 is NULL
RSP=0x00007f6f4822b0b0 points into unknown readable memory: 00 b8 22 48 6f 7f 00 00
RBP=0x00007f6f4822b0d0 points into unknown readable memory: 70 b5 22 48 6f 7f 00 00
RSI=0x0 is NULL
RDI=0x00007f6f4822b0f0 points into unknown readable memory: c0 1d b7 73 6f 7f 00 00
R8 =0x00000000000000b6 is an unknown value
R9 =0x00007f6efde98152 is pointing into metadata
R10=0x0 is NULL
R11=0x0 is NULL
R12=0x00007f6f4822b0f0 points into unknown readable memory: c0 1d b7 73 6f 7f 00 00
R13=0x0 is NULL
R14=0x00007f6f4822b0f0 points into unknown readable memory: c0 1d b7 73 6f 7f 00 00
R15=0x0 is NULL


Registers:
RAX=0x0000000000000001, RBX=0x00007f6f4822b800, RCX=0x00000000000000e2, RDX=0x0000000000000000
RSP=0x00007f6f4822b0b0, RBP=0x00007f6f4822b0d0, RSI=0x0000000000000000, RDI=0x00007f6f4822b0f0
R8 =0x00000000000000b6, R9 =0x00007f6efde98152, R10=0x0000000000000000, R11=0x0000000000000000
R12=0x00007f6f4822b0f0, R13=0x0000000000000000, R14=0x00007f6f4822b0f0, R15=0x0000000000000000
RIP=0x00007f6f73793cae, EFLAGS=0x0000000000010206, CSGSFS=0x002b000000000033, ERR=0x0000000000000004
  TRAPNO=0x000000000000000e

Top of Stack: (sp=0x00007f6f4822b0b0)
0x00007f6f4822b0b0:   00007f6f4822b800 0000000000000118
0x00007f6f4822b0c0:   00000000000000e2 00007f6f4822b0f0
0x00007f6f4822b0d0:   00007f6f4822b570 00007f6f732c85db
0x00007f6f4822b0e0:   00007f6f4822b730 00007f6f4822b120 

Instructions: (pc=0x00007f6f73793cae)
0x00007f6f73793c8e:   66 90 55 b8 01 00 00 00 48 89 e5 41 56 41 55 41
0x00007f6f73793c9e:   54 49 89 fc 53 4c 8b 6f 08 c7 47 10 00 00 00 00
0x00007f6f73793cae:   41 80 7d 06 28 74 40 48 8d 05 2c 3e 49 00 b9 28
0x00007f6f73793cbe:   00 00 00 48 8d 15 ff 6d 21 00 be 35 00 00 00 48 

Stack slot to memory mapping:
stack at sp + 0 slots: 0x00007f6f4822b800 points into unknown readable memory: a0 57 b7 73 6f 7f 00 00
stack at sp + 1 slots: 0x0000000000000118 is an unknown value
stack at sp + 2 slots: 0x00000000000000e2 is an unknown value
stack at sp + 3 slots: 0x00007f6f4822b0f0 points into unknown readable memory: c0 1d b7 73 6f 7f 00 00
stack at sp + 4 slots: 0x00007f6f4822b570 points into unknown readable memory: 40 b6 22 48 6f 7f 00 00
stack at sp + 5 slots: 0x00007f6f732c85db: <offset 0x00000000007d55db> in /usr/lib/jvm/java-11-openjdk/lib/server/libjvm.so at 0x00007f6f72af3000
stack at sp + 6 slots: 0x00007f6f4822b730 points into unknown readable memory: 90 b7 22 48 6f 7f 00 00
stack at sp + 7 slots: 0x00007f6f4822b120 points into unknown readable memory: df 00 00 46 00 00 00 00

VM_Operation (0x00007f6f40e128a0): GetOrSetLocal, mode: safepoint, requested by thread 0x00007f6f6c39c800


---------------  P R O C E S S  ---------------

Threads class SMR info:
_java_thread_list=0x00007f6ee8002e30, length=14, elements={
0x00007f6f6c013000, 0x00007f6f6c25b800, 0x00007f6f6c25f800, 0x00007f6f6c272000,
0x00007f6f6c274800, 0x00007f6f6c276800, 0x00007f6f6c278800, 0x00007f6f6c325000,
0x00007f6f6c39c800, 0x00007f6f6c3a0000, 0x00007f6f08001800, 0x00007f6f6c467800,
0x00007f6f6c602800, 0x00007f6f6c605000
}

Java Threads: ( => current thread )
  0x00007f6f6c013000 JavaThread "main" [_thread_blocked, id=19389, stack(0x00007f6f726c4000,0x00007f6f727c5000)]
  0x00007f6f6c25b800 JavaThread "Reference Handler" daemon [_thread_blocked, id=19397, stack(0x00007f6f4802a000,0x00007f6f4812b000)]
  0x00007f6f6c25f800 JavaThread "Finalizer" daemon [_thread_blocked, id=19398, stack(0x00007f6f416ff000,0x00007f6f41800000)]
  0x00007f6f6c272000 JavaThread "Signal Dispatcher" daemon [_thread_blocked, id=19399, stack(0x00007f6f41319000,0x00007f6f4141a000)]
  0x00007f6f6c274800 JavaThread "C2 CompilerThread0" daemon [_thread_blocked, id=19400, stack(0x00007f6f41218000,0x00007f6f41319000)]
  0x00007f6f6c276800 JavaThread "C1 CompilerThread0" daemon [_thread_blocked, id=19401, stack(0x00007f6f41117000,0x00007f6f41218000)]
  0x00007f6f6c278800 JavaThread "Sweeper thread" daemon [_thread_blocked, id=19402, stack(0x00007f6f41016000,0x00007f6f41117000)]
  0x00007f6f6c325000 JavaThread "Common-Cleaner" daemon [_thread_blocked, id=19403, stack(0x00007f6f40f15000,0x00007f6f41016000)]
  0x00007f6f6c39c800 JavaThread "JDWP Transport Listener: dt_socket" daemon [_thread_blocked, id=19406, stack(0x00007f6f40d13000,0x00007f6f40e14000)] _threads_hazard_ptr=0x00007f6ee8002e30
  0x00007f6f6c3a0000 JavaThread "JDWP Event Helper Thread" daemon [_thread_blocked, id=19407, stack(0x00007f6f40c12000,0x00007f6f40d13000)]
  0x00007f6f08001800 JavaThread "JDWP Command Reader" daemon [_thread_in_native, id=19408, stack(0x00007f6f40b11000,0x00007f6f40c12000)]
  0x00007f6f6c467800 JavaThread "Service Thread" daemon [_thread_blocked, id=19412, stack(0x00007f6f40e14000,0x00007f6f40f15000)]
  0x00007f6f6c602800 JavaThread "Java2D Disposer" daemon [_thread_blocked, id=19419, stack(0x00007f6efdfc2000,0x00007f6efe0c3000)]
  0x00007f6f6c605000 JavaThread "AWT-XAWT" daemon [_thread_in_native, id=19420, stack(0x00007f6efdec1000,0x00007f6efdfc2000)]

Other Threads:
=>0x00007f6f6c253800 VMThread "VM Thread" [stack: 0x00007f6f4812d000,0x00007f6f4822d000] [id=19396]
  0x00007f6f6c469000 WatcherThread [stack: 0x00007f6f40a11000,0x00007f6f40b11000] [id=19413]
  0x00007f6f6c029000 GCTaskThread "GC Thread#0" [stack: 0x00007f6f72336000,0x00007f6f72436000] [id=19391]
  0x00007f6f6c087000 ConcurrentGCThread "G1 Main Marker" [stack: 0x00007f6f701dc000,0x00007f6f702dc000] [id=19392]
  0x00007f6f6c088800 ConcurrentGCThread "G1 Conc#0" [stack: 0x00007f6f700da000,0x00007f6f701da000] [id=19393]
  0x00007f6f6c188800 ConcurrentGCThread "G1 Refine#0" [stack: 0x00007f6f54076000,0x00007f6f54176000] [id=19394]
  0x00007f6f6c18a000 ConcurrentGCThread "G1 Young RemSet Sampling" [stack: 0x00007f6f482b0000,0x00007f6f483b0000] [id=19395]

Threads with active compile tasks:

VM state:at safepoint (normal execution)

VM Mutex/Monitor currently owned by a thread:  ([mutex/lock_event])
[0x00007f6f6c00fd80] Threads_lock - owner thread: 0x00007f6f6c253800

Heap address: 0x0000000707600000, size: 3978 MB, Compressed Oops mode: Zero based, Oop shift amount: 3
Narrow klass base: 0x0000000800000000, Narrow klass shift: 0
Compressed class space size: 1073741824 Address: 0x0000000800000000

Heap:
 garbage-first heap   total 256000K, used 18432K [0x0000000707600000, 0x0000000800000000)
  region size 1024K, 19 young (19456K), 0 survivors (0K)
 Metaspace       used 15533K, capacity 15934K, committed 16128K, reserved 1062912K
  class space    used 1530K, capacity 1731K, committed 1792K, reserved 1048576K
Heap Regions: E=young(eden), S=young(survivor), O=old, HS=humongous(starts), HC=humongous(continues), CS=collection set, F=free, A=archive, TAMS=top-at-mark-start (previous, next)
|   0|0x0000000707600000, 0x0000000707600000, 0x0000000707700000|  0%| F|  |TAMS 0x0000000707600000, 0x0000000707600000| Untracked 
|   1|0x0000000707700000, 0x0000000707700000, 0x0000000707800000|  0%| F|  |TAMS 0x0000000707700000, 0x0000000707700000| Untracked 
|   2|0x0000000707800000, 0x0000000707800000, 0x0000000707900000|  0%| F|  |TAMS 0x0000000707800000, 0x0000000707800000| Untracked 
|   3|0x0000000707900000, 0x0000000707900000, 0x0000000707a00000|  0%| F|  |TAMS 0x0000000707900000, 0x0000000707900000| Untracked 
|   4|0x0000000707a00000, 0x0000000707a00000, 0x0000000707b00000|  0%| F|  |TAMS 0x0000000707a00000, 0x0000000707a00000| Untracked 
|   5|0x0000000707b00000, 0x0000000707b00000, 0x0000000707c00000|  0%| F|  |TAMS 0x0000000707b00000, 0x0000000707b00000| Untracked 
|   6|0x0000000707c00000, 0x0000000707c00000, 0x0000000707d00000|  0%| F|  |TAMS 0x0000000707c00000, 0x0000000707c00000| Untracked 
|   7|0x0000000707d00000, 0x0000000707d00000, 0x0000000707e00000|  0%| F|  |TAMS 0x0000000707d00000, 0x0000000707d00000| Untracked 
|   8|0x0000000707e00000, 0x0000000707e00000, 0x0000000707f00000|  0%| F|  |TAMS 0x0000000707e00000, 0x0000000707e00000| Untracked 
|   9|0x0000000707f00000, 0x0000000707f00000, 0x0000000708000000|  0%| F|  |TAMS 0x0000000707f00000, 0x0000000707f00000| Untracked 
|  10|0x0000000708000000, 0x0000000708000000, 0x0000000708100000|  0%| F|  |TAMS 0x0000000708000000, 0x0000000708000000| Untracked 
|  11|0x0000000708100000, 0x0000000708100000, 0x0000000708200000|  0%| F|  |TAMS 0x0000000708100000, 0x0000000708100000| Untracked 
|  12|0x0000000708200000, 0x0000000708200000, 0x0000000708300000|  0%| F|  |TAMS 0x0000000708200000, 0x0000000708200000| Untracked 
|  13|0x0000000708300000, 0x0000000708300000, 0x0000000708400000|  0%| F|  |TAMS 0x0000000708300000, 0x0000000708300000| Untracked 
|  14|0x0000000708400000, 0x0000000708400000, 0x0000000708500000|  0%| F|  |TAMS 0x0000000708400000, 0x0000000708400000| Untracked 
|  15|0x0000000708500000, 0x0000000708500000, 0x0000000708600000|  0%| F|  |TAMS 0x0000000708500000, 0x0000000708500000| Untracked 
|  16|0x0000000708600000, 0x0000000708600000, 0x0000000708700000|  0%| F|  |TAMS 0x0000000708600000, 0x0000000708600000| Untracked 
|  17|0x0000000708700000, 0x0000000708700000, 0x0000000708800000|  0%| F|  |TAMS 0x0000000708700000, 0x0000000708700000| Untracked 
|  18|0x0000000708800000, 0x0000000708800000, 0x0000000708900000|  0%| F|  |TAMS 0x0000000708800000, 0x0000000708800000| Untracked 
|  19|0x0000000708900000, 0x0000000708900000, 0x0000000708a00000|  0%| F|  |TAMS 0x0000000708900000, 0x0000000708900000| Untracked 
|  20|0x0000000708a00000, 0x0000000708a00000, 0x0000000708b00000|  0%| F|  |TAMS 0x0000000708a00000, 0x0000000708a00000| Untracked 
|  21|0x0000000708b00000, 0x0000000708b00000, 0x0000000708c00000|  0%| F|  |TAMS 0x0000000708b00000, 0x0000000708b00000| Untracked 
|  22|0x0000000708c00000, 0x0000000708c00000, 0x0000000708d00000|  0%| F|  |TAMS 0x0000000708c00000, 0x0000000708c00000| Untracked 
|  23|0x0000000708d00000, 0x0000000708d00000, 0x0000000708e00000|  0%| F|  |TAMS 0x0000000708d00000, 0x0000000708d00000| Untracked 
|  24|0x0000000708e00000, 0x0000000708e00000, 0x0000000708f00000|  0%| F|  |TAMS 0x0000000708e00000, 0x0000000708e00000| Untracked 
|  25|0x0000000708f00000, 0x0000000708f00000, 0x0000000709000000|  0%| F|  |TAMS 0x0000000708f00000, 0x0000000708f00000| Untracked 
|  26|0x0000000709000000, 0x0000000709000000, 0x0000000709100000|  0%| F|  |TAMS 0x0000000709000000, 0x0000000709000000| Untracked 
|  27|0x0000000709100000, 0x0000000709100000, 0x0000000709200000|  0%| F|  |TAMS 0x0000000709100000, 0x0000000709100000| Untracked 
|  28|0x0000000709200000, 0x0000000709200000, 0x0000000709300000|  0%| F|  |TAMS 0x0000000709200000, 0x0000000709200000| Untracked 
|  29|0x0000000709300000, 0x0000000709300000, 0x0000000709400000|  0%| F|  |TAMS 0x0000000709300000, 0x0000000709300000| Untracked 
|  30|0x0000000709400000, 0x0000000709400000, 0x0000000709500000|  0%| F|  |TAMS 0x0000000709400000, 0x0000000709400000| Untracked 
|  31|0x0000000709500000, 0x0000000709500000, 0x0000000709600000|  0%| F|  |TAMS 0x0000000709500000, 0x0000000709500000| Untracked 
|  32|0x0000000709600000, 0x0000000709600000, 0x0000000709700000|  0%| F|  |TAMS 0x0000000709600000, 0x0000000709600000| Untracked 
|  33|0x0000000709700000, 0x0000000709700000, 0x0000000709800000|  0%| F|  |TAMS 0x0000000709700000, 0x0000000709700000| Untracked 
|  34|0x0000000709800000, 0x0000000709800000, 0x0000000709900000|  0%| F|  |TAMS 0x0000000709800000, 0x0000000709800000| Untracked 
|  35|0x0000000709900000, 0x0000000709900000, 0x0000000709a00000|  0%| F|  |TAMS 0x0000000709900000, 0x0000000709900000| Untracked 
|  36|0x0000000709a00000, 0x0000000709a00000, 0x0000000709b00000|  0%| F|  |TAMS 0x0000000709a00000, 0x0000000709a00000| Untracked 
|  37|0x0000000709b00000, 0x0000000709b00000, 0x0000000709c00000|  0%| F|  |TAMS 0x0000000709b00000, 0x0000000709b00000| Untracked 
|  38|0x0000000709c00000, 0x0000000709c00000, 0x0000000709d00000|  0%| F|  |TAMS 0x0000000709c00000, 0x0000000709c00000| Untracked 
|  39|0x0000000709d00000, 0x0000000709d00000, 0x0000000709e00000|  0%| F|  |TAMS 0x0000000709d00000, 0x0000000709d00000| Untracked 
|  40|0x0000000709e00000, 0x0000000709e00000, 0x0000000709f00000|  0%| F|  |TAMS 0x0000000709e00000, 0x0000000709e00000| Untracked 
|  41|0x0000000709f00000, 0x0000000709f00000, 0x000000070a000000|  0%| F|  |TAMS 0x0000000709f00000, 0x0000000709f00000| Untracked 
|  42|0x000000070a000000, 0x000000070a000000, 0x000000070a100000|  0%| F|  |TAMS 0x000000070a000000, 0x000000070a000000| Untracked 
|  43|0x000000070a100000, 0x000000070a100000, 0x000000070a200000|  0%| F|  |TAMS 0x000000070a100000, 0x000000070a100000| Untracked 
|  44|0x000000070a200000, 0x000000070a200000, 0x000000070a300000|  0%| F|  |TAMS 0x000000070a200000, 0x000000070a200000| Untracked 
|  45|0x000000070a300000, 0x000000070a300000, 0x000000070a400000|  0%| F|  |TAMS 0x000000070a300000, 0x000000070a300000| Untracked 
|  46|0x000000070a400000, 0x000000070a400000, 0x000000070a500000|  0%| F|  |TAMS 0x000000070a400000, 0x000000070a400000| Untracked 
|  47|0x000000070a500000, 0x000000070a500000, 0x000000070a600000|  0%| F|  |TAMS 0x000000070a500000, 0x000000070a500000| Untracked 
|  48|0x000000070a600000, 0x000000070a600000, 0x000000070a700000|  0%| F|  |TAMS 0x000000070a600000, 0x000000070a600000| Untracked 
|  49|0x000000070a700000, 0x000000070a700000, 0x000000070a800000|  0%| F|  |TAMS 0x000000070a700000, 0x000000070a700000| Untracked 
|  50|0x000000070a800000, 0x000000070a800000, 0x000000070a900000|  0%| F|  |TAMS 0x000000070a800000, 0x000000070a800000| Untracked 
|  51|0x000000070a900000, 0x000000070a900000, 0x000000070aa00000|  0%| F|  |TAMS 0x000000070a900000, 0x000000070a900000| Untracked 
|  52|0x000000070aa00000, 0x000000070aa00000, 0x000000070ab00000|  0%| F|  |TAMS 0x000000070aa00000, 0x000000070aa00000| Untracked 
|  53|0x000000070ab00000, 0x000000070ab00000, 0x000000070ac00000|  0%| F|  |TAMS 0x000000070ab00000, 0x000000070ab00000| Untracked 
|  54|0x000000070ac00000, 0x000000070ac00000, 0x000000070ad00000|  0%| F|  |TAMS 0x000000070ac00000, 0x000000070ac00000| Untracked 
|  55|0x000000070ad00000, 0x000000070ad00000, 0x000000070ae00000|  0%| F|  |TAMS 0x000000070ad00000, 0x000000070ad00000| Untracked 
|  56|0x000000070ae00000, 0x000000070ae00000, 0x000000070af00000|  0%| F|  |TAMS 0x000000070ae00000, 0x000000070ae00000| Untracked 
|  57|0x000000070af00000, 0x000000070af00000, 0x000000070b000000|  0%| F|  |TAMS 0x000000070af00000, 0x000000070af00000| Untracked 
|  58|0x000000070b000000, 0x000000070b000000, 0x000000070b100000|  0%| F|  |TAMS 0x000000070b000000, 0x000000070b000000| Untracked 
|  59|0x000000070b100000, 0x000000070b100000, 0x000000070b200000|  0%| F|  |TAMS 0x000000070b100000, 0x000000070b100000| Untracked 
|  60|0x000000070b200000, 0x000000070b200000, 0x000000070b300000|  0%| F|  |TAMS 0x000000070b200000, 0x000000070b200000| Untracked 
|  61|0x000000070b300000, 0x000000070b300000, 0x000000070b400000|  0%| F|  |TAMS 0x000000070b300000, 0x000000070b300000| Untracked 
|  62|0x000000070b400000, 0x000000070b400000, 0x000000070b500000|  0%| F|  |TAMS 0x000000070b400000, 0x000000070b400000| Untracked 
|  63|0x000000070b500000, 0x000000070b500000, 0x000000070b600000|  0%| F|  |TAMS 0x000000070b500000, 0x000000070b500000| Untracked 
|  64|0x000000070b600000, 0x000000070b600000, 0x000000070b700000|  0%| F|  |TAMS 0x000000070b600000, 0x000000070b600000| Untracked 
|  65|0x000000070b700000, 0x000000070b700000, 0x000000070b800000|  0%| F|  |TAMS 0x000000070b700000, 0x000000070b700000| Untracked 
|  66|0x000000070b800000, 0x000000070b800000, 0x000000070b900000|  0%| F|  |TAMS 0x000000070b800000, 0x000000070b800000| Untracked 
|  67|0x000000070b900000, 0x000000070b900000, 0x000000070ba00000|  0%| F|  |TAMS 0x000000070b900000, 0x000000070b900000| Untracked 
|  68|0x000000070ba00000, 0x000000070ba00000, 0x000000070bb00000|  0%| F|  |TAMS 0x000000070ba00000, 0x000000070ba00000| Untracked 
|  69|0x000000070bb00000, 0x000000070bb00000, 0x000000070bc00000|  0%| F|  |TAMS 0x000000070bb00000, 0x000000070bb00000| Untracked 
|  70|0x000000070bc00000, 0x000000070bc00000, 0x000000070bd00000|  0%| F|  |TAMS 0x000000070bc00000, 0x000000070bc00000| Untracked 
|  71|0x000000070bd00000, 0x000000070bd00000, 0x000000070be00000|  0%| F|  |TAMS 0x000000070bd00000, 0x000000070bd00000| Untracked 
|  72|0x000000070be00000, 0x000000070be00000, 0x000000070bf00000|  0%| F|  |TAMS 0x000000070be00000, 0x000000070be00000| Untracked 
|  73|0x000000070bf00000, 0x000000070bf00000, 0x000000070c000000|  0%| F|  |TAMS 0x000000070bf00000, 0x000000070bf00000| Untracked 
|  74|0x000000070c000000, 0x000000070c000000, 0x000000070c100000|  0%| F|  |TAMS 0x000000070c000000, 0x000000070c000000| Untracked 
|  75|0x000000070c100000, 0x000000070c100000, 0x000000070c200000|  0%| F|  |TAMS 0x000000070c100000, 0x000000070c100000| Untracked 
|  76|0x000000070c200000, 0x000000070c200000, 0x000000070c300000|  0%| F|  |TAMS 0x000000070c200000, 0x000000070c200000| Untracked 
|  77|0x000000070c300000, 0x000000070c300000, 0x000000070c400000|  0%| F|  |TAMS 0x000000070c300000, 0x000000070c300000| Untracked 
|  78|0x000000070c400000, 0x000000070c400000, 0x000000070c500000|  0%| F|  |TAMS 0x000000070c400000, 0x000000070c400000| Untracked 
|  79|0x000000070c500000, 0x000000070c500000, 0x000000070c600000|  0%| F|  |TAMS 0x000000070c500000, 0x000000070c500000| Untracked 
|  80|0x000000070c600000, 0x000000070c600000, 0x000000070c700000|  0%| F|  |TAMS 0x000000070c600000, 0x000000070c600000| Untracked 
|  81|0x000000070c700000, 0x000000070c700000, 0x000000070c800000|  0%| F|  |TAMS 0x000000070c700000, 0x000000070c700000| Untracked 
|  82|0x000000070c800000, 0x000000070c800000, 0x000000070c900000|  0%| F|  |TAMS 0x000000070c800000, 0x000000070c800000| Untracked 
|  83|0x000000070c900000, 0x000000070c900000, 0x000000070ca00000|  0%| F|  |TAMS 0x000000070c900000, 0x000000070c900000| Untracked 
|  84|0x000000070ca00000, 0x000000070ca00000, 0x000000070cb00000|  0%| F|  |TAMS 0x000000070ca00000, 0x000000070ca00000| Untracked 
|  85|0x000000070cb00000, 0x000000070cb00000, 0x000000070cc00000|  0%| F|  |TAMS 0x000000070cb00000, 0x000000070cb00000| Untracked 
|  86|0x000000070cc00000, 0x000000070cc00000, 0x000000070cd00000|  0%| F|  |TAMS 0x000000070cc00000, 0x000000070cc00000| Untracked 
|  87|0x000000070cd00000, 0x000000070cd00000, 0x000000070ce00000|  0%| F|  |TAMS 0x000000070cd00000, 0x000000070cd00000| Untracked 
|  88|0x000000070ce00000, 0x000000070ce00000, 0x000000070cf00000|  0%| F|  |TAMS 0x000000070ce00000, 0x000000070ce00000| Untracked 
|  89|0x000000070cf00000, 0x000000070cf00000, 0x000000070d000000|  0%| F|  |TAMS 0x000000070cf00000, 0x000000070cf00000| Untracked 
|  90|0x000000070d000000, 0x000000070d000000, 0x000000070d100000|  0%| F|  |TAMS 0x000000070d000000, 0x000000070d000000| Untracked 
|  91|0x000000070d100000, 0x000000070d100000, 0x000000070d200000|  0%| F|  |TAMS 0x000000070d100000, 0x000000070d100000| Untracked 
|  92|0x000000070d200000, 0x000000070d200000, 0x000000070d300000|  0%| F|  |TAMS 0x000000070d200000, 0x000000070d200000| Untracked 
|  93|0x000000070d300000, 0x000000070d300000, 0x000000070d400000|  0%| F|  |TAMS 0x000000070d300000, 0x000000070d300000| Untracked 
|  94|0x000000070d400000, 0x000000070d400000, 0x000000070d500000|  0%| F|  |TAMS 0x000000070d400000, 0x000000070d400000| Untracked 
|  95|0x000000070d500000, 0x000000070d500000, 0x000000070d600000|  0%| F|  |TAMS 0x000000070d500000, 0x000000070d500000| Untracked 
|  96|0x000000070d600000, 0x000000070d600000, 0x000000070d700000|  0%| F|  |TAMS 0x000000070d600000, 0x000000070d600000| Untracked 
|  97|0x000000070d700000, 0x000000070d700000, 0x000000070d800000|  0%| F|  |TAMS 0x000000070d700000, 0x000000070d700000| Untracked 
|  98|0x000000070d800000, 0x000000070d800000, 0x000000070d900000|  0%| F|  |TAMS 0x000000070d800000, 0x000000070d800000| Untracked 
|  99|0x000000070d900000, 0x000000070d900000, 0x000000070da00000|  0%| F|  |TAMS 0x000000070d900000, 0x000000070d900000| Untracked 
| 100|0x000000070da00000, 0x000000070da00000, 0x000000070db00000|  0%| F|  |TAMS 0x000000070da00000, 0x000000070da00000| Untracked 
| 101|0x000000070db00000, 0x000000070db00000, 0x000000070dc00000|  0%| F|  |TAMS 0x000000070db00000, 0x000000070db00000| Untracked 
| 102|0x000000070dc00000, 0x000000070dc00000, 0x000000070dd00000|  0%| F|  |TAMS 0x000000070dc00000, 0x000000070dc00000| Untracked 
| 103|0x000000070dd00000, 0x000000070dd00000, 0x000000070de00000|  0%| F|  |TAMS 0x000000070dd00000, 0x000000070dd00000| Untracked 
| 104|0x000000070de00000, 0x000000070de00000, 0x000000070df00000|  0%| F|  |TAMS 0x000000070de00000, 0x000000070de00000| Untracked 
| 105|0x000000070df00000, 0x000000070df00000, 0x000000070e000000|  0%| F|  |TAMS 0x000000070df00000, 0x000000070df00000| Untracked 
| 106|0x000000070e000000, 0x000000070e000000, 0x000000070e100000|  0%| F|  |TAMS 0x000000070e000000, 0x000000070e000000| Untracked 
| 107|0x000000070e100000, 0x000000070e100000, 0x000000070e200000|  0%| F|  |TAMS 0x000000070e100000, 0x000000070e100000| Untracked 
| 108|0x000000070e200000, 0x000000070e200000, 0x000000070e300000|  0%| F|  |TAMS 0x000000070e200000, 0x000000070e200000| Untracked 
| 109|0x000000070e300000, 0x000000070e300000, 0x000000070e400000|  0%| F|  |TAMS 0x000000070e300000, 0x000000070e300000| Untracked 
| 110|0x000000070e400000, 0x000000070e400000, 0x000000070e500000|  0%| F|  |TAMS 0x000000070e400000, 0x000000070e400000| Untracked 
| 111|0x000000070e500000, 0x000000070e500000, 0x000000070e600000|  0%| F|  |TAMS 0x000000070e500000, 0x000000070e500000| Untracked 
| 112|0x000000070e600000, 0x000000070e600000, 0x000000070e700000|  0%| F|  |TAMS 0x000000070e600000, 0x000000070e600000| Untracked 
| 113|0x000000070e700000, 0x000000070e700000, 0x000000070e800000|  0%| F|  |TAMS 0x000000070e700000, 0x000000070e700000| Untracked 
| 114|0x000000070e800000, 0x000000070e800000, 0x000000070e900000|  0%| F|  |TAMS 0x000000070e800000, 0x000000070e800000| Untracked 
| 115|0x000000070e900000, 0x000000070e900000, 0x000000070ea00000|  0%| F|  |TAMS 0x000000070e900000, 0x000000070e900000| Untracked 
| 116|0x000000070ea00000, 0x000000070ea00000, 0x000000070eb00000|  0%| F|  |TAMS 0x000000070ea00000, 0x000000070ea00000| Untracked 
| 117|0x000000070eb00000, 0x000000070eb00000, 0x000000070ec00000|  0%| F|  |TAMS 0x000000070eb00000, 0x000000070eb00000| Untracked 
| 118|0x000000070ec00000, 0x000000070ec00000, 0x000000070ed00000|  0%| F|  |TAMS 0x000000070ec00000, 0x000000070ec00000| Untracked 
| 119|0x000000070ed00000, 0x000000070ed00000, 0x000000070ee00000|  0%| F|  |TAMS 0x000000070ed00000, 0x000000070ed00000| Untracked 
| 120|0x000000070ee00000, 0x000000070ee00000, 0x000000070ef00000|  0%| F|  |TAMS 0x000000070ee00000, 0x000000070ee00000| Untracked 
| 121|0x000000070ef00000, 0x000000070ef00000, 0x000000070f000000|  0%| F|  |TAMS 0x000000070ef00000, 0x000000070ef00000| Untracked 
| 122|0x000000070f000000, 0x000000070f000000, 0x000000070f100000|  0%| F|  |TAMS 0x000000070f000000, 0x000000070f000000| Untracked 
| 123|0x000000070f100000, 0x000000070f100000, 0x000000070f200000|  0%| F|  |TAMS 0x000000070f100000, 0x000000070f100000| Untracked 
| 124|0x000000070f200000, 0x000000070f200000, 0x000000070f300000|  0%| F|  |TAMS 0x000000070f200000, 0x000000070f200000| Untracked 
| 125|0x000000070f300000, 0x000000070f300000, 0x000000070f400000|  0%| F|  |TAMS 0x000000070f300000, 0x000000070f300000| Untracked 
| 126|0x000000070f400000, 0x000000070f400000, 0x000000070f500000|  0%| F|  |TAMS 0x000000070f400000, 0x000000070f400000| Untracked 
| 127|0x000000070f500000, 0x000000070f500000, 0x000000070f600000|  0%| F|  |TAMS 0x000000070f500000, 0x000000070f500000| Untracked 
| 128|0x000000070f600000, 0x000000070f600000, 0x000000070f700000|  0%| F|  |TAMS 0x000000070f600000, 0x000000070f600000| Untracked 
| 129|0x000000070f700000, 0x000000070f700000, 0x000000070f800000|  0%| F|  |TAMS 0x000000070f700000, 0x000000070f700000| Untracked 
| 130|0x000000070f800000, 0x000000070f800000, 0x000000070f900000|  0%| F|  |TAMS 0x000000070f800000, 0x000000070f800000| Untracked 
| 131|0x000000070f900000, 0x000000070f900000, 0x000000070fa00000|  0%| F|  |TAMS 0x000000070f900000, 0x000000070f900000| Untracked 
| 132|0x000000070fa00000, 0x000000070fa00000, 0x000000070fb00000|  0%| F|  |TAMS 0x000000070fa00000, 0x000000070fa00000| Untracked 
| 133|0x000000070fb00000, 0x000000070fb00000, 0x000000070fc00000|  0%| F|  |TAMS 0x000000070fb00000, 0x000000070fb00000| Untracked 
| 134|0x000000070fc00000, 0x000000070fc00000, 0x000000070fd00000|  0%| F|  |TAMS 0x000000070fc00000, 0x000000070fc00000| Untracked 
| 135|0x000000070fd00000, 0x000000070fd00000, 0x000000070fe00000|  0%| F|  |TAMS 0x000000070fd00000, 0x000000070fd00000| Untracked 
| 136|0x000000070fe00000, 0x000000070fe00000, 0x000000070ff00000|  0%| F|  |TAMS 0x000000070fe00000, 0x000000070fe00000| Untracked 
| 137|0x000000070ff00000, 0x000000070ff00000, 0x0000000710000000|  0%| F|  |TAMS 0x000000070ff00000, 0x000000070ff00000| Untracked 
| 138|0x0000000710000000, 0x0000000710000000, 0x0000000710100000|  0%| F|  |TAMS 0x0000000710000000, 0x0000000710000000| Untracked 
| 139|0x0000000710100000, 0x0000000710100000, 0x0000000710200000|  0%| F|  |TAMS 0x0000000710100000, 0x0000000710100000| Untracked 
| 140|0x0000000710200000, 0x0000000710200000, 0x0000000710300000|  0%| F|  |TAMS 0x0000000710200000, 0x0000000710200000| Untracked 
| 141|0x0000000710300000, 0x0000000710300000, 0x0000000710400000|  0%| F|  |TAMS 0x0000000710300000, 0x0000000710300000| Untracked 
| 142|0x0000000710400000, 0x0000000710400000, 0x0000000710500000|  0%| F|  |TAMS 0x0000000710400000, 0x0000000710400000| Untracked 
| 143|0x0000000710500000, 0x0000000710500000, 0x0000000710600000|  0%| F|  |TAMS 0x0000000710500000, 0x0000000710500000| Untracked 
| 144|0x0000000710600000, 0x0000000710600000, 0x0000000710700000|  0%| F|  |TAMS 0x0000000710600000, 0x0000000710600000| Untracked 
| 145|0x0000000710700000, 0x0000000710700000, 0x0000000710800000|  0%| F|  |TAMS 0x0000000710700000, 0x0000000710700000| Untracked 
| 146|0x0000000710800000, 0x0000000710800000, 0x0000000710900000|  0%| F|  |TAMS 0x0000000710800000, 0x0000000710800000| Untracked 
| 147|0x0000000710900000, 0x0000000710900000, 0x0000000710a00000|  0%| F|  |TAMS 0x0000000710900000, 0x0000000710900000| Untracked 
| 148|0x0000000710a00000, 0x0000000710a00000, 0x0000000710b00000|  0%| F|  |TAMS 0x0000000710a00000, 0x0000000710a00000| Untracked 
| 149|0x0000000710b00000, 0x0000000710b00000, 0x0000000710c00000|  0%| F|  |TAMS 0x0000000710b00000, 0x0000000710b00000| Untracked 
| 150|0x0000000710c00000, 0x0000000710c00000, 0x0000000710d00000|  0%| F|  |TAMS 0x0000000710c00000, 0x0000000710c00000| Untracked 
| 151|0x0000000710d00000, 0x0000000710d00000, 0x0000000710e00000|  0%| F|  |TAMS 0x0000000710d00000, 0x0000000710d00000| Untracked 
| 152|0x0000000710e00000, 0x0000000710e00000, 0x0000000710f00000|  0%| F|  |TAMS 0x0000000710e00000, 0x0000000710e00000| Untracked 
| 153|0x0000000710f00000, 0x0000000710f00000, 0x0000000711000000|  0%| F|  |TAMS 0x0000000710f00000, 0x0000000710f00000| Untracked 
| 154|0x0000000711000000, 0x0000000711000000, 0x0000000711100000|  0%| F|  |TAMS 0x0000000711000000, 0x0000000711000000| Untracked 
| 155|0x0000000711100000, 0x0000000711100000, 0x0000000711200000|  0%| F|  |TAMS 0x0000000711100000, 0x0000000711100000| Untracked 
| 156|0x0000000711200000, 0x0000000711200000, 0x0000000711300000|  0%| F|  |TAMS 0x0000000711200000, 0x0000000711200000| Untracked 
| 157|0x0000000711300000, 0x0000000711300000, 0x0000000711400000|  0%| F|  |TAMS 0x0000000711300000, 0x0000000711300000| Untracked 
| 158|0x0000000711400000, 0x0000000711400000, 0x0000000711500000|  0%| F|  |TAMS 0x0000000711400000, 0x0000000711400000| Untracked 
| 159|0x0000000711500000, 0x0000000711500000, 0x0000000711600000|  0%| F|  |TAMS 0x0000000711500000, 0x0000000711500000| Untracked 
| 160|0x0000000711600000, 0x0000000711600000, 0x0000000711700000|  0%| F|  |TAMS 0x0000000711600000, 0x0000000711600000| Untracked 
| 161|0x0000000711700000, 0x0000000711700000, 0x0000000711800000|  0%| F|  |TAMS 0x0000000711700000, 0x0000000711700000| Untracked 
| 162|0x0000000711800000, 0x0000000711800000, 0x0000000711900000|  0%| F|  |TAMS 0x0000000711800000, 0x0000000711800000| Untracked 
| 163|0x0000000711900000, 0x0000000711900000, 0x0000000711a00000|  0%| F|  |TAMS 0x0000000711900000, 0x0000000711900000| Untracked 
| 164|0x0000000711a00000, 0x0000000711a00000, 0x0000000711b00000|  0%| F|  |TAMS 0x0000000711a00000, 0x0000000711a00000| Untracked 
| 165|0x0000000711b00000, 0x0000000711b00000, 0x0000000711c00000|  0%| F|  |TAMS 0x0000000711b00000, 0x0000000711b00000| Untracked 
| 166|0x0000000711c00000, 0x0000000711c00000, 0x0000000711d00000|  0%| F|  |TAMS 0x0000000711c00000, 0x0000000711c00000| Untracked 
| 167|0x0000000711d00000, 0x0000000711d00000, 0x0000000711e00000|  0%| F|  |TAMS 0x0000000711d00000, 0x0000000711d00000| Untracked 
| 168|0x0000000711e00000, 0x0000000711e00000, 0x0000000711f00000|  0%| F|  |TAMS 0x0000000711e00000, 0x0000000711e00000| Untracked 
| 169|0x0000000711f00000, 0x0000000711f00000, 0x0000000712000000|  0%| F|  |TAMS 0x0000000711f00000, 0x0000000711f00000| Untracked 
| 170|0x0000000712000000, 0x0000000712000000, 0x0000000712100000|  0%| F|  |TAMS 0x0000000712000000, 0x0000000712000000| Untracked 
| 171|0x0000000712100000, 0x0000000712100000, 0x0000000712200000|  0%| F|  |TAMS 0x0000000712100000, 0x0000000712100000| Untracked 
| 172|0x0000000712200000, 0x0000000712200000, 0x0000000712300000|  0%| F|  |TAMS 0x0000000712200000, 0x0000000712200000| Untracked 
| 173|0x0000000712300000, 0x0000000712300000, 0x0000000712400000|  0%| F|  |TAMS 0x0000000712300000, 0x0000000712300000| Untracked 
| 174|0x0000000712400000, 0x0000000712400000, 0x0000000712500000|  0%| F|  |TAMS 0x0000000712400000, 0x0000000712400000| Untracked 
| 175|0x0000000712500000, 0x0000000712500000, 0x0000000712600000|  0%| F|  |TAMS 0x0000000712500000, 0x0000000712500000| Untracked 
| 176|0x0000000712600000, 0x0000000712600000, 0x0000000712700000|  0%| F|  |TAMS 0x0000000712600000, 0x0000000712600000| Untracked 
| 177|0x0000000712700000, 0x0000000712700000, 0x0000000712800000|  0%| F|  |TAMS 0x0000000712700000, 0x0000000712700000| Untracked 
| 178|0x0000000712800000, 0x0000000712800000, 0x0000000712900000|  0%| F|  |TAMS 0x0000000712800000, 0x0000000712800000| Untracked 
| 179|0x0000000712900000, 0x0000000712900000, 0x0000000712a00000|  0%| F|  |TAMS 0x0000000712900000, 0x0000000712900000| Untracked 
| 180|0x0000000712a00000, 0x0000000712a00000, 0x0000000712b00000|  0%| F|  |TAMS 0x0000000712a00000, 0x0000000712a00000| Untracked 
| 181|0x0000000712b00000, 0x0000000712b00000, 0x0000000712c00000|  0%| F|  |TAMS 0x0000000712b00000, 0x0000000712b00000| Untracked 
| 182|0x0000000712c00000, 0x0000000712c00000, 0x0000000712d00000|  0%| F|  |TAMS 0x0000000712c00000, 0x0000000712c00000| Untracked 
| 183|0x0000000712d00000, 0x0000000712d00000, 0x0000000712e00000|  0%| F|  |TAMS 0x0000000712d00000, 0x0000000712d00000| Untracked 
| 184|0x0000000712e00000, 0x0000000712e00000, 0x0000000712f00000|  0%| F|  |TAMS 0x0000000712e00000, 0x0000000712e00000| Untracked 
| 185|0x0000000712f00000, 0x0000000712f00000, 0x0000000713000000|  0%| F|  |TAMS 0x0000000712f00000, 0x0000000712f00000| Untracked 
| 186|0x0000000713000000, 0x0000000713000000, 0x0000000713100000|  0%| F|  |TAMS 0x0000000713000000, 0x0000000713000000| Untracked 
| 187|0x0000000713100000, 0x0000000713100000, 0x0000000713200000|  0%| F|  |TAMS 0x0000000713100000, 0x0000000713100000| Untracked 
| 188|0x0000000713200000, 0x0000000713200000, 0x0000000713300000|  0%| F|  |TAMS 0x0000000713200000, 0x0000000713200000| Untracked 
| 189|0x0000000713300000, 0x0000000713300000, 0x0000000713400000|  0%| F|  |TAMS 0x0000000713300000, 0x0000000713300000| Untracked 
| 190|0x0000000713400000, 0x0000000713400000, 0x0000000713500000|  0%| F|  |TAMS 0x0000000713400000, 0x0000000713400000| Untracked 
| 191|0x0000000713500000, 0x0000000713500000, 0x0000000713600000|  0%| F|  |TAMS 0x0000000713500000, 0x0000000713500000| Untracked 
| 192|0x0000000713600000, 0x0000000713600000, 0x0000000713700000|  0%| F|  |TAMS 0x0000000713600000, 0x0000000713600000| Untracked 
| 193|0x0000000713700000, 0x0000000713700000, 0x0000000713800000|  0%| F|  |TAMS 0x0000000713700000, 0x0000000713700000| Untracked 
| 194|0x0000000713800000, 0x0000000713800000, 0x0000000713900000|  0%| F|  |TAMS 0x0000000713800000, 0x0000000713800000| Untracked 
| 195|0x0000000713900000, 0x0000000713900000, 0x0000000713a00000|  0%| F|  |TAMS 0x0000000713900000, 0x0000000713900000| Untracked 
| 196|0x0000000713a00000, 0x0000000713a00000, 0x0000000713b00000|  0%| F|  |TAMS 0x0000000713a00000, 0x0000000713a00000| Untracked 
| 197|0x0000000713b00000, 0x0000000713b00000, 0x0000000713c00000|  0%| F|  |TAMS 0x0000000713b00000, 0x0000000713b00000| Untracked 
| 198|0x0000000713c00000, 0x0000000713c00000, 0x0000000713d00000|  0%| F|  |TAMS 0x0000000713c00000, 0x0000000713c00000| Untracked 
| 199|0x0000000713d00000, 0x0000000713d00000, 0x0000000713e00000|  0%| F|  |TAMS 0x0000000713d00000, 0x0000000713d00000| Untracked 
| 200|0x0000000713e00000, 0x0000000713e00000, 0x0000000713f00000|  0%| F|  |TAMS 0x0000000713e00000, 0x0000000713e00000| Untracked 
| 201|0x0000000713f00000, 0x0000000713f00000, 0x0000000714000000|  0%| F|  |TAMS 0x0000000713f00000, 0x0000000713f00000| Untracked 
| 202|0x0000000714000000, 0x0000000714000000, 0x0000000714100000|  0%| F|  |TAMS 0x0000000714000000, 0x0000000714000000| Untracked 
| 203|0x0000000714100000, 0x0000000714100000, 0x0000000714200000|  0%| F|  |TAMS 0x0000000714100000, 0x0000000714100000| Untracked 
| 204|0x0000000714200000, 0x0000000714200000, 0x0000000714300000|  0%| F|  |TAMS 0x0000000714200000, 0x0000000714200000| Untracked 
| 205|0x0000000714300000, 0x0000000714300000, 0x0000000714400000|  0%| F|  |TAMS 0x0000000714300000, 0x0000000714300000| Untracked 
| 206|0x0000000714400000, 0x0000000714400000, 0x0000000714500000|  0%| F|  |TAMS 0x0000000714400000, 0x0000000714400000| Untracked 
| 207|0x0000000714500000, 0x0000000714500000, 0x0000000714600000|  0%| F|  |TAMS 0x0000000714500000, 0x0000000714500000| Untracked 
| 208|0x0000000714600000, 0x0000000714600000, 0x0000000714700000|  0%| F|  |TAMS 0x0000000714600000, 0x0000000714600000| Untracked 
| 209|0x0000000714700000, 0x0000000714700000, 0x0000000714800000|  0%| F|  |TAMS 0x0000000714700000, 0x0000000714700000| Untracked 
| 210|0x0000000714800000, 0x0000000714800000, 0x0000000714900000|  0%| F|  |TAMS 0x0000000714800000, 0x0000000714800000| Untracked 
| 211|0x0000000714900000, 0x0000000714900000, 0x0000000714a00000|  0%| F|  |TAMS 0x0000000714900000, 0x0000000714900000| Untracked 
| 212|0x0000000714a00000, 0x0000000714a00000, 0x0000000714b00000|  0%| F|  |TAMS 0x0000000714a00000, 0x0000000714a00000| Untracked 
| 213|0x0000000714b00000, 0x0000000714b00000, 0x0000000714c00000|  0%| F|  |TAMS 0x0000000714b00000, 0x0000000714b00000| Untracked 
| 214|0x0000000714c00000, 0x0000000714c00000, 0x0000000714d00000|  0%| F|  |TAMS 0x0000000714c00000, 0x0000000714c00000| Untracked 
| 215|0x0000000714d00000, 0x0000000714d00000, 0x0000000714e00000|  0%| F|  |TAMS 0x0000000714d00000, 0x0000000714d00000| Untracked 
| 216|0x0000000714e00000, 0x0000000714e00000, 0x0000000714f00000|  0%| F|  |TAMS 0x0000000714e00000, 0x0000000714e00000| Untracked 
| 217|0x0000000714f00000, 0x0000000714f00000, 0x0000000715000000|  0%| F|  |TAMS 0x0000000714f00000, 0x0000000714f00000| Untracked 
| 218|0x0000000715000000, 0x0000000715000000, 0x0000000715100000|  0%| F|  |TAMS 0x0000000715000000, 0x0000000715000000| Untracked 
| 219|0x0000000715100000, 0x0000000715100000, 0x0000000715200000|  0%| F|  |TAMS 0x0000000715100000, 0x0000000715100000| Untracked 
| 220|0x0000000715200000, 0x0000000715200000, 0x0000000715300000|  0%| F|  |TAMS 0x0000000715200000, 0x0000000715200000| Untracked 
| 221|0x0000000715300000, 0x0000000715300000, 0x0000000715400000|  0%| F|  |TAMS 0x0000000715300000, 0x0000000715300000| Untracked 
| 222|0x0000000715400000, 0x0000000715400000, 0x0000000715500000|  0%| F|  |TAMS 0x0000000715400000, 0x0000000715400000| Untracked 
| 223|0x0000000715500000, 0x0000000715500000, 0x0000000715600000|  0%| F|  |TAMS 0x0000000715500000, 0x0000000715500000| Untracked 
| 224|0x0000000715600000, 0x0000000715600000, 0x0000000715700000|  0%| F|  |TAMS 0x0000000715600000, 0x0000000715600000| Untracked 
| 225|0x0000000715700000, 0x0000000715700000, 0x0000000715800000|  0%| F|  |TAMS 0x0000000715700000, 0x0000000715700000| Untracked 
| 226|0x0000000715800000, 0x0000000715800000, 0x0000000715900000|  0%| F|  |TAMS 0x0000000715800000, 0x0000000715800000| Untracked 
| 227|0x0000000715900000, 0x0000000715900000, 0x0000000715a00000|  0%| F|  |TAMS 0x0000000715900000, 0x0000000715900000| Untracked 
| 228|0x0000000715a00000, 0x0000000715a00000, 0x0000000715b00000|  0%| F|  |TAMS 0x0000000715a00000, 0x0000000715a00000| Untracked 
| 229|0x0000000715b00000, 0x0000000715b00000, 0x0000000715c00000|  0%| F|  |TAMS 0x0000000715b00000, 0x0000000715b00000| Untracked 
| 230|0x0000000715c00000, 0x0000000715c00000, 0x0000000715d00000|  0%| F|  |TAMS 0x0000000715c00000, 0x0000000715c00000| Untracked 
| 231|0x0000000715d00000, 0x0000000715dfab90, 0x0000000715e00000| 97%| E|  |TAMS 0x0000000715d00000, 0x0000000715d00000| Complete 
| 232|0x0000000715e00000, 0x0000000715f00000, 0x0000000715f00000|100%| E|CS|TAMS 0x0000000715e00000, 0x0000000715e00000| Complete 
| 233|0x0000000715f00000, 0x0000000716000000, 0x0000000716000000|100%| E|CS|TAMS 0x0000000715f00000, 0x0000000715f00000| Complete 
| 234|0x0000000716000000, 0x0000000716100000, 0x0000000716100000|100%| E|CS|TAMS 0x0000000716000000, 0x0000000716000000| Complete 
| 235|0x0000000716100000, 0x0000000716200000, 0x0000000716200000|100%| E|CS|TAMS 0x0000000716100000, 0x0000000716100000| Complete 
| 236|0x0000000716200000, 0x0000000716300000, 0x0000000716300000|100%| E|CS|TAMS 0x0000000716200000, 0x0000000716200000| Complete 
| 237|0x0000000716300000, 0x0000000716400000, 0x0000000716400000|100%| E|CS|TAMS 0x0000000716300000, 0x0000000716300000| Complete 
| 238|0x0000000716400000, 0x0000000716500000, 0x0000000716500000|100%| E|CS|TAMS 0x0000000716400000, 0x0000000716400000| Complete 
| 239|0x0000000716500000, 0x0000000716600000, 0x0000000716600000|100%| E|CS|TAMS 0x0000000716500000, 0x0000000716500000| Complete 
| 240|0x0000000716600000, 0x0000000716700000, 0x0000000716700000|100%| E|CS|TAMS 0x0000000716600000, 0x0000000716600000| Complete 
| 241|0x0000000716700000, 0x0000000716800000, 0x0000000716800000|100%| E|CS|TAMS 0x0000000716700000, 0x0000000716700000| Complete 
| 242|0x0000000716800000, 0x0000000716900000, 0x0000000716900000|100%| E|CS|TAMS 0x0000000716800000, 0x0000000716800000| Complete 
| 243|0x0000000716900000, 0x0000000716a00000, 0x0000000716a00000|100%| E|CS|TAMS 0x0000000716900000, 0x0000000716900000| Complete 
| 244|0x0000000716a00000, 0x0000000716b00000, 0x0000000716b00000|100%| E|CS|TAMS 0x0000000716a00000, 0x0000000716a00000| Complete 
| 245|0x0000000716b00000, 0x0000000716c00000, 0x0000000716c00000|100%| E|CS|TAMS 0x0000000716b00000, 0x0000000716b00000| Complete 
| 246|0x0000000716c00000, 0x0000000716d00000, 0x0000000716d00000|100%| E|CS|TAMS 0x0000000716c00000, 0x0000000716c00000| Complete 
| 247|0x0000000716d00000, 0x0000000716e00000, 0x0000000716e00000|100%| E|CS|TAMS 0x0000000716d00000, 0x0000000716d00000| Complete 
| 248|0x0000000716e00000, 0x0000000716f00000, 0x0000000716f00000|100%| E|CS|TAMS 0x0000000716e00000, 0x0000000716e00000| Complete 
| 249|0x0000000716f00000, 0x0000000717000000, 0x0000000717000000|100%| E|CS|TAMS 0x0000000716f00000, 0x0000000716f00000| Complete 

Card table byte_map: [0x00007f6f70ba2000,0x00007f6f71367000] _byte_map_base: 0x00007f6f6d367000

Marking Bits (Prev, Next): (CMBitMap*) 0x00007f6f6c076678, (CMBitMap*) 0x00007f6f6c0766b0
 Prev Bits: [0x00007f6f4c1d8000, 0x00007f6f50000000)
 Next Bits: [0x00007f6f483b0000, 0x00007f6f4c1d8000)

Polling page: 0x00007f6f740c2000

Metaspace:

Usage:
  Non-class:     13.87 MB capacity,    13.67 MB ( 99%) used,   155.80 KB (  1%) free+waste,    44.12 KB ( <1%) overhead. 
      Class:      1.69 MB capacity,     1.49 MB ( 88%) used,   176.99 KB ( 10%) free+waste,    23.62 KB (  1%) overhead. 
       Both:     15.56 MB capacity,    15.17 MB ( 97%) used,   332.80 KB (  2%) free+waste,    67.75 KB ( <1%) overhead. 

Virtual space:
  Non-class space:       14.00 MB reserved,      14.00 MB (100%) committed 
      Class space:        1.00 GB reserved,       1.75 MB ( <1%) committed 
             Both:        1.01 GB reserved,      15.75 MB (  2%) committed 

Chunk freelists:
   Non-Class:  1.00 KB
       Class:  29.00 KB
        Both:  30.00 KB

CodeHeap 'non-profiled nmethods': size=120032Kb used=690Kb max_used=690Kb free=119341Kb
 bounds [0x00007f6f5c446000, 0x00007f6f5c6b6000, 0x00007f6f6397e000]
CodeHeap 'profiled nmethods': size=120028Kb used=1725Kb max_used=1965Kb free=118302Kb
 bounds [0x00007f6f54f0f000, 0x00007f6f5517f000, 0x00007f6f5c446000]
CodeHeap 'non-nmethods': size=5700Kb used=1255Kb max_used=1401Kb free=4444Kb
 bounds [0x00007f6f5497e000, 0x00007f6f54bee000, 0x00007f6f54f0f000]
 total_blobs=1909 nmethods=970 adapters=475
 compilation: enabled
              stopped_count=0, restarted_count=0
 full_count=0

Compilation events (10 events):
Event: 1059.953 Thread 0x00007f6f6c276800 nmethod 1095 0x00007f6f54f40390 code [0x00007f6f54f40760, 0x00007f6f54f41a98]
Event: 1059.964 Thread 0x00007f6f6c274800 nmethod 1094 0x00007f6f5c4f2a10 code [0x00007f6f5c4f2c20, 0x00007f6f5c4f3780]
Event: 1311.025 Thread 0x00007f6f6c274800 1096       4       sun.awt.X11.XToolkit::getDisplay (20 bytes)
Event: 1311.026 Thread 0x00007f6f6c274800 nmethod 1096 0x00007f6f5c47d390 code [0x00007f6f5c47d520, 0x00007f6f5c47d578]
Event: 1318.535 Thread 0x00007f6f6c274800 1097       4       java.util.concurrent.locks.ReentrantLock$NonfairSync::tryAcquire (6 bytes)
Event: 1318.541 Thread 0x00007f6f6c274800 nmethod 1097 0x00007f6f5c486f90 code [0x00007f6f5c487140, 0x00007f6f5c4873d8]
Event: 1321.039 Thread 0x00007f6f6c274800 1099       4       java.util.concurrent.locks.AbstractQueuedSynchronizer::release (33 bytes)
Event: 1321.042 Thread 0x00007f6f6c274800 nmethod 1099 0x00007f6f5c49c990 code [0x00007f6f5c49cb40, 0x00007f6f5c49cd78]
Event: 1353.080 Thread 0x00007f6f6c274800 1100       4       sun.awt.SunToolkit::awtUnlock (7 bytes)
Event: 1353.085 Thread 0x00007f6f6c274800 nmethod 1100 0x00007f6f5c49d890 code [0x00007f6f5c49da40, 0x00007f6f5c49dc78]

GC Heap History (0 events):
No events

Deoptimization events (7 events):
Event: 0.970 Thread 0x00007f6f6c013000 Uncommon trap: reason=unstable_if action=reinterpret pc=0x00007f6f5c47be6c method=java.lang.invoke.LambdaForm$BasicType.basicType(C)Ljava/lang/invoke/LambdaForm$BasicType; @ 1 c2
Event: 0.984 Thread 0x00007f6f6c013000 Uncommon trap: reason=unstable_if action=reinterpret pc=0x00007f6f5c480f1c method=jdk.internal.org.objectweb.asm.Frame.execute(IILjdk/internal/org/objectweb/asm/ClassWriter;Ljdk/internal/org/objectweb/asm/Item;)V @ 1 c2
Event: 1.038 Thread 0x00007f6f6c013000 Uncommon trap: reason=unstable_if action=reinterpret pc=0x00007f6f5c487120 method=jdk.internal.org.objectweb.asm.Type.getArgumentsAndReturnSizes(Ljava/lang/String;)I @ 88 c2
Event: 1.056 Thread 0x00007f6f6c013000 Uncommon trap: reason=unstable_if action=reinterpret pc=0x00007f6f5c454b74 method=java.lang.String.isLatin1()Z @ 10 c2
Event: 1.058 Thread 0x00007f6f6c013000 Uncommon trap: reason=unstable_if action=reinterpret pc=0x00007f6f5c457efc method=java.lang.String.isLatin1()Z @ 10 c2
Event: 1.058 Thread 0x00007f6f6c013000 Uncommon trap: reason=unstable_if action=reinterpret pc=0x00007f6f5c492734 method=java.lang.AbstractStringBuilder.putStringAt(ILjava/lang/String;)V @ 8 c2
Event: 1.058 Thread 0x00007f6f6c013000 Uncommon trap: reason=unstable_if action=reinterpret pc=0x00007f6f5c49138c method=java.lang.String.getBytes([BIB)V @ 5 c2

Classes redefined (10 events):
Event: 773.860 Thread 0x00007f6f6c253800 redefined class name=clueGame.Board, count=7
Event: 821.389 Thread 0x00007f6f6c253800 redefined class name=clueGame.Board, count=8
Event: 845.117 Thread 0x00007f6f6c253800 redefined class name=clueGame.Board, count=9
Event: 891.509 Thread 0x00007f6f6c253800 redefined class name=clueGame.Board, count=10
Event: 930.558 Thread 0x00007f6f6c253800 redefined class name=clueGame.Board, count=11
Event: 938.099 Thread 0x00007f6f6c253800 redefined class name=clueGame.Board, count=12
Event: 997.761 Thread 0x00007f6f6c253800 redefined class name=clueGame.Board, count=13
Event: 1032.066 Thread 0x00007f6f6c253800 redefined class name=clueGame.Board, count=14
Event: 1059.962 Thread 0x00007f6f6c253800 redefined class name=clueGame.Board, count=15
Event: 1496.770 Thread 0x00007f6f6c253800 redefined class name=clueGame.Board, count=16

Internal exceptions (10 events):
Event: 0.975 Thread 0x00007f6f6c013000 Exception <a 'java/lang/NoSuchMethodError'{0x0000000716591c58}: java.lang.invoke.DirectMethodHandle$Holder.invokeStatic(Ljava/lang/Object;Ljava/lang/Object;Ljava/lang/Object;Ljava/lang/Object;Ljava/lang/Object;Ljava/lang/Object;Ljava/lang/Object;Ljava/lan
Event: 0.977 Thread 0x00007f6f6c013000 Exception <a 'java/lang/NoSuchMethodError'{0x00000007165aca18}: java.lang.invoke.DirectMethodHandle$Holder.invokeStatic(Ljava/lang/Object;Ljava/lang/Object;Ljava/lang/Object;Ljava/lang/Object;Ljava/lang/Object;Ljava/lang/Object;Ljava/lang/Object;Ljava/lan
Event: 0.979 Thread 0x00007f6f6c013000 Exception <a 'java/lang/NoSuchMethodError'{0x00000007165b8f30}: java.lang.invoke.DirectMethodHandle$Holder.invokeSpecial(Ljava/lang/Object;Ljava/lang/Object;)V> (0x00000007165b8f30) thrown at [/build/java-openjdk/src/jdk11u-jdk-11.0.3+4/src/hotspot/share/
Event: 1.025 Thread 0x00007f6f6c013000 Exception <a 'java/lang/NoSuchMethodError'{0x000000071637bc28}: java.lang.invoke.Invokers$Holder.linkToTargetMethod(Ljava/lang/Object;ILjava/lang/Object;)Ljava/lang/Object;> (0x000000071637bc28) thrown at [/build/java-openjdk/src/jdk11u-jdk-11.0.3+4/src/h
Event: 1.031 Thread 0x00007f6f6c013000 Exception <a 'java/lang/ClassNotFoundException'{0x00000007163af7f0}: com/sun/swing/internal/plaf/metal/resources/spi/metalProvider> (0x00000007163af7f0) thrown at [/build/java-openjdk/src/jdk11u-jdk-11.0.3+4/src/hotspot/share/classfile/systemDictionary.cp
Event: 1.032 Thread 0x00007f6f6c013000 Exception <a 'java/lang/ClassNotFoundException'{0x00000007163b6238}: com/sun/swing/internal/plaf/basic/resources/spi/basicProvider> (0x00000007163b6238) thrown at [/build/java-openjdk/src/jdk11u-jdk-11.0.3+4/src/hotspot/share/classfile/systemDictionary.cp
Event: 1.039 Thread 0x00007f6f6c013000 Exception <a 'java/lang/NoSuchMethodError'{0x00000007163f0f08}: java.lang.invoke.DirectMethodHandle$Holder.invokeSpecialIFC(Ljava/lang/Object;Ljava/lang/Object;I)I> (0x00000007163f0f08) thrown at [/build/java-openjdk/src/jdk11u-jdk-11.0.3+4/src/hotspot/sh
Event: 359.793 Thread 0x00007f6f6c013000 Exception <a 'java/lang/NoSuchMethodError'{0x0000000715f35bf0}: java.lang.invoke.DirectMethodHandle$Holder.invokeSpecial(Ljava/lang/Object;Ljava/lang/Object;IIILjava/lang/Object;III)Ljava/lang/Object;> (0x0000000715f35bf0) thrown at [/build/java-openjdk/s
Event: 359.796 Thread 0x00007f6f6c013000 Exception <a 'java/lang/NoSuchMethodError'{0x0000000715f39088}: java.lang.invoke.DelegatingMethodHandle$Holder.reinvoke_L(Ljava/lang/Object;IIILjava/lang/Object;III)Ljava/lang/Object;> (0x0000000715f39088) thrown at [/build/java-openjdk/src/jdk11u-jdk-11.
Event: 359.862 Thread 0x00007f6f6c013000 Exception <a 'java/lang/NoSuchMethodError'{0x0000000715f6a060}: java.lang.invoke.DirectMethodHandle$Holder.invokeSpecial(Ljava/lang/Object;Ljava/lang/Object;Ljava/lang/Object;III)Ljava/lang/Object;> (0x0000000715f6a060) thrown at [/build/java-openjdk/src/

Events (10 events):
Event: 1496.781 Executing VM operation: GetOwnedMonitorInfo done
Event: 1496.781 Executing VM operation: GetCurrentContendedMonitor
Event: 1496.781 Executing VM operation: GetCurrentContendedMonitor done
Event: 1496.781 Executing VM operation: GetCurrentContendedMonitor
Event: 1496.781 Executing VM operation: GetCurrentContendedMonitor done
Event: 1496.781 Executing VM operation: GetOwnedMonitorInfo
Event: 1496.781 Executing VM operation: GetOwnedMonitorInfo done
Event: 1496.832 Executing VM operation: GetFrameLocation
Event: 1496.832 Executing VM operation: GetFrameLocation done
Event: 1496.832 Executing VM operation: GetOrSetLocal


Dynamic libraries:
707600000-717000000 rw-p 00000000 00:00 0 
717000000-800000000 ---p 00000000 00:00 0 
800000000-8001c0000 rw-p 00000000 00:00 0 
8001c0000-840000000 ---p 00000000 00:00 0 
5604d485c000-5604d485d000 r--p 00000000 08:12 1190898                    /usr/lib/jvm/java-11-openjdk/bin/java
5604d485d000-5604d485e000 r-xp 00001000 08:12 1190898                    /usr/lib/jvm/java-11-openjdk/bin/java
5604d485e000-5604d485f000 r--p 00002000 08:12 1190898                    /usr/lib/jvm/java-11-openjdk/bin/java
5604d485f000-5604d4860000 r--p 00002000 08:12 1190898                    /usr/lib/jvm/java-11-openjdk/bin/java
5604d4860000-5604d4861000 rw-p 00003000 08:12 1190898                    /usr/lib/jvm/java-11-openjdk/bin/java
5604d5a30000-5604d5a51000 rw-p 00000000 00:00 0                          [heap]
7f6ee0000000-7f6ee0021000 rw-p 00000000 00:00 0 
7f6ee0021000-7f6ee4000000 ---p 00000000 00:00 0 
7f6ee8000000-7f6ee816b000 rw-p 00000000 00:00 0 
7f6ee816b000-7f6eec000000 ---p 00000000 00:00 0 
7f6eec000000-7f6eec021000 rw-p 00000000 00:00 0 
7f6eec021000-7f6ef0000000 ---p 00000000 00:00 0 
7f6ef0000000-7f6ef0021000 rw-p 00000000 00:00 0 
7f6ef0021000-7f6ef4000000 ---p 00000000 00:00 0 
7f6ef4000000-7f6ef4021000 rw-p 00000000 00:00 0 
7f6ef4021000-7f6ef8000000 ---p 00000000 00:00 0 
7f6ef8000000-7f6ef8021000 rw-p 00000000 00:00 0 
7f6ef8021000-7f6efc000000 ---p 00000000 00:00 0 
7f6efdcc1000-7f6efdec1000 rw-p 00000000 00:00 0 
7f6efdec1000-7f6efdec5000 ---p 00000000 00:00 0 
7f6efdec5000-7f6efdfc2000 rw-p 00000000 00:00 0 
7f6efdfc2000-7f6efdfc6000 ---p 00000000 00:00 0 
7f6efdfc6000-7f6efe0c3000 rw-p 00000000 00:00 0 
7f6efe0c3000-7f6efe0c7000 ---p 00000000 00:00 0 
7f6efe0c7000-7f6efe1c4000 rw-p 00000000 00:00 0 
7f6efe1c4000-7f6efe1c9000 r-xp 00000000 08:12 555967                     /usr/lib/libXfixes.so.3.1.0
7f6efe1c9000-7f6efe3c8000 ---p 00005000 08:12 555967                     /usr/lib/libXfixes.so.3.1.0
7f6efe3c8000-7f6efe3c9000 r--p 00004000 08:12 555967                     /usr/lib/libXfixes.so.3.1.0
7f6efe3c9000-7f6efe3ca000 rw-p 00005000 08:12 555967                     /usr/lib/libXfixes.so.3.1.0
7f6efe3ca000-7f6efe3cd000 r--p 00000000 08:12 557789                     /usr/lib/libXcursor.so.1.0.2
7f6efe3cd000-7f6efe3d2000 r-xp 00003000 08:12 557789                     /usr/lib/libXcursor.so.1.0.2
7f6efe3d2000-7f6efe3d4000 r--p 00008000 08:12 557789                     /usr/lib/libXcursor.so.1.0.2
7f6efe3d4000-7f6efe3d5000 r--p 00009000 08:12 557789                     /usr/lib/libXcursor.so.1.0.2
7f6efe3d5000-7f6efe3d6000 rw-p 0000a000 08:12 557789                     /usr/lib/libXcursor.so.1.0.2
7f6efe3f6000-7f6efe3f7000 ---p 00000000 00:00 0 
7f6efe3f7000-7f6efebf7000 rw-p 00000000 00:00 0 
7f6efebf7000-7f6efebf8000 ---p 00000000 00:00 0 
7f6efebf8000-7f6eff3f8000 rw-p 00000000 00:00 0 
7f6eff3f8000-7f6eff3f9000 ---p 00000000 00:00 0 
7f6eff3f9000-7f6effbf9000 rw-p 00000000 00:00 0 
7f6effbf9000-7f6effbfb000 r--p 00000000 08:12 537914                     /usr/lib/libuuid.so.1.3.0
7f6effbfb000-7f6effbff000 r-xp 00002000 08:12 537914                     /usr/lib/libuuid.so.1.3.0
7f6effbff000-7f6effc00000 r--p 00006000 08:12 537914                     /usr/lib/libuuid.so.1.3.0
7f6effc00000-7f6effc01000 r--p 00006000 08:12 537914                     /usr/lib/libuuid.so.1.3.0
7f6effc01000-7f6effc02000 rw-p 00007000 08:12 537914                     /usr/lib/libuuid.so.1.3.0
7f6effc02000-7f6effc0c000 r--p 00000000 08:12 537902                     /usr/lib/libblkid.so.1.1.0
7f6effc0c000-7f6effc40000 r-xp 0000a000 08:12 537902                     /usr/lib/libblkid.so.1.1.0
7f6effc40000-7f6effc50000 r--p 0003e000 08:12 537902                     /usr/lib/libblkid.so.1.1.0
7f6effc50000-7f6effc51000 ---p 0004e000 08:12 537902                     /usr/lib/libblkid.so.1.1.0
7f6effc51000-7f6effc56000 r--p 0004e000 08:12 537902                     /usr/lib/libblkid.so.1.1.0
7f6effc56000-7f6effc57000 rw-p 00053000 08:12 537902                     /usr/lib/libblkid.so.1.1.0
7f6effc57000-7f6effc59000 r--p 00000000 08:12 541505                     /usr/lib/libffi.so.6.0.4
7f6effc59000-7f6effc5e000 r-xp 00002000 08:12 541505                     /usr/lib/libffi.so.6.0.4
7f6effc5e000-7f6effc5f000 r--p 00007000 08:12 541505                     /usr/lib/libffi.so.6.0.4
7f6effc5f000-7f6effc60000 ---p 00008000 08:12 541505                     /usr/lib/libffi.so.6.0.4
7f6effc60000-7f6effc61000 r--p 00008000 08:12 541505                     /usr/lib/libffi.so.6.0.4
7f6effc61000-7f6effc62000 rw-p 00009000 08:12 541505                     /usr/lib/libffi.so.6.0.4
7f6effc62000-7f6effc6e000 r--p 00000000 08:12 537908                     /usr/lib/libmount.so.1.1.0
7f6effc6e000-7f6effca9000 r-xp 0000c000 08:12 537908                     /usr/lib/libmount.so.1.1.0
7f6effca9000-7f6effcbb000 r--p 00047000 08:12 537908                     /usr/lib/libmount.so.1.1.0
7f6effcbb000-7f6effcbc000 ---p 00059000 08:12 537908                     /usr/lib/libmount.so.1.1.0
7f6effcbc000-7f6effcbf000 r--p 00059000 08:12 537908                     /usr/lib/libmount.so.1.1.0
7f6effcbf000-7f6effcc0000 rw-p 0005c000 08:12 537908                     /usr/lib/libmount.so.1.1.0
7f6effcc0000-7f6effcce000 r--p 00000000 08:12 541539                     /usr/lib/libgobject-2.0.so.0.6000.0
7f6effcce000-7f6effd02000 r-xp 0000e000 08:12 541539                     /usr/lib/libgobject-2.0.so.0.6000.0
7f6effd02000-7f6effd1a000 r--p 00042000 08:12 541539                     /usr/lib/libgobject-2.0.so.0.6000.0
7f6effd1a000-7f6effd1d000 r--p 00059000 08:12 541539                     /usr/lib/libgobject-2.0.so.0.6000.0
7f6effd1d000-7f6effd1e000 rw-p 0005c000 08:12 541539                     /usr/lib/libgobject-2.0.so.0.6000.0
7f6effd1e000-7f6effd54000 r--p 00000000 08:12 541530                     /usr/lib/libgio-2.0.so.0.6000.0
7f6effd54000-7f6effe52000 r-xp 00036000 08:12 541530                     /usr/lib/libgio-2.0.so.0.6000.0
7f6effe52000-7f6effecf000 r--p 00134000 08:12 541530                     /usr/lib/libgio-2.0.so.0.6000.0
7f6effecf000-7f6effed0000 ---p 001b1000 08:12 541530                     /usr/lib/libgio-2.0.so.0.6000.0
7f6effed0000-7f6effed7000 r--p 001b1000 08:12 541530                     /usr/lib/libgio-2.0.so.0.6000.0
7f6effed7000-7f6effed8000 rw-p 001b8000 08:12 541530                     /usr/lib/libgio-2.0.so.0.6000.0
7f6effed8000-7f6effeda000 rw-p 00000000 00:00 0 
7f6effeda000-7f6effef5000 r--p 00000000 08:12 541533                     /usr/lib/libglib-2.0.so.0.6000.0
7f6effef5000-7f6efff7a000 r-xp 0001b000 08:12 541533                     /usr/lib/libglib-2.0.so.0.6000.0
7f6efff7a000-7f6effffc000 r--p 000a0000 08:12 541533                     /usr/lib/libglib-2.0.so.0.6000.0
7f6effffc000-7f6effffd000 ---p 00122000 08:12 541533                     /usr/lib/libglib-2.0.so.0.6000.0
7f6effffd000-7f6effffe000 r--p 00122000 08:12 541533                     /usr/lib/libglib-2.0.so.0.6000.0
7f6effffe000-7f6efffff000 rw-p 00123000 08:12 541533                     /usr/lib/libglib-2.0.so.0.6000.0
7f6efffff000-7f6f00000000 rw-p 00000000 00:00 0 
7f6f00000000-7f6f00021000 rw-p 00000000 00:00 0 
7f6f00021000-7f6f04000000 ---p 00000000 00:00 0 
7f6f04000000-7f6f04021000 rw-p 00000000 00:00 0 
7f6f04021000-7f6f08000000 ---p 00000000 00:00 0 
7f6f08000000-7f6f0807f000 rw-p 00000000 00:00 0 
7f6f0807f000-7f6f0c000000 ---p 00000000 00:00 0 
7f6f0c000000-7f6f0c049000 rw-p 00000000 00:00 0 
7f6f0c049000-7f6f10000000 ---p 00000000 00:00 0 
7f6f10000000-7f6f10021000 rw-p 00000000 00:00 0 
7f6f10021000-7f6f14000000 ---p 00000000 00:00 0 
7f6f14000000-7f6f140ee000 rw-p 00000000 00:00 0 
7f6f140ee000-7f6f18000000 ---p 00000000 00:00 0 
7f6f18000000-7f6f1831f000 rw-p 00000000 00:00 0 
7f6f1831f000-7f6f1c000000 ---p 00000000 00:00 0 
7f6f1c000000-7f6f1c021000 rw-p 00000000 00:00 0 
7f6f1c021000-7f6f20000000 ---p 00000000 00:00 0 
7f6f20000000-7f6f20021000 rw-p 00000000 00:00 0 
7f6f20021000-7f6f24000000 ---p 00000000 00:00 0 
7f6f24000000-7f6f27ffe000 rw-p 00000000 00:00 0 
7f6f27ffe000-7f6f28000000 ---p 00000000 00:00 0 
7f6f28000000-7f6f28021000 rw-p 00000000 00:00 0 
7f6f28021000-7f6f2c000000 ---p 00000000 00:00 0 
7f6f2c000000-7f6f2c021000 rw-p 00000000 00:00 0 
7f6f2c021000-7f6f30000000 ---p 00000000 00:00 0 
7f6f30000000-7f6f30021000 rw-p 00000000 00:00 0 
7f6f30021000-7f6f34000000 ---p 00000000 00:00 0 
7f6f34000000-7f6f34085000 rw-p 00000000 00:00 0 
7f6f34085000-7f6f38000000 ---p 00000000 00:00 0 
7f6f38000000-7f6f38021000 rw-p 00000000 00:00 0 
7f6f38021000-7f6f3c000000 ---p 00000000 00:00 0 
7f6f3c000000-7f6f3c021000 rw-p 00000000 00:00 0 
7f6f3c021000-7f6f40000000 ---p 00000000 00:00 0 
7f6f40000000-7f6f40004000 r--p 00000000 08:12 527694                     /usr/lib/libresolv-2.28.so
7f6f40004000-7f6f40010000 r-xp 00004000 08:12 527694                     /usr/lib/libresolv-2.28.so
7f6f40010000-7f6f40014000 r--p 00010000 08:12 527694                     /usr/lib/libresolv-2.28.so
7f6f40014000-7f6f40015000 ---p 00014000 08:12 527694                     /usr/lib/libresolv-2.28.so
7f6f40015000-7f6f40016000 r--p 00014000 08:12 527694                     /usr/lib/libresolv-2.28.so
7f6f40016000-7f6f40017000 rw-p 00015000 08:12 527694                     /usr/lib/libresolv-2.28.so
7f6f40017000-7f6f40019000 rw-p 00000000 00:00 0 
7f6f40019000-7f6f4001b000 r--p 00000000 08:12 557882                     /usr/lib/libXrandr.so.2.2.0
7f6f4001b000-7f6f40022000 r-xp 00002000 08:12 557882                     /usr/lib/libXrandr.so.2.2.0
7f6f40022000-7f6f40024000 r--p 00009000 08:12 557882                     /usr/lib/libXrandr.so.2.2.0
7f6f40024000-7f6f40025000 r--p 0000a000 08:12 557882                     /usr/lib/libXrandr.so.2.2.0
7f6f40025000-7f6f40026000 rw-p 0000b000 08:12 557882                     /usr/lib/libXrandr.so.2.2.0
7f6f40026000-7f6f40028000 r--p 00000000 08:12 541382                     /usr/lib/libpcre.so.1.2.11
7f6f40028000-7f6f40079000 r-xp 00002000 08:12 541382                     /usr/lib/libpcre.so.1.2.11
7f6f40079000-7f6f40097000 r--p 00053000 08:12 541382                     /usr/lib/libpcre.so.1.2.11
7f6f40097000-7f6f40098000 r--p 00070000 08:12 541382                     /usr/lib/libpcre.so.1.2.11
7f6f40098000-7f6f40099000 rw-p 00071000 08:12 541382                     /usr/lib/libpcre.so.1.2.11
7f6f40099000-7f6f4009c000 r--p 00000000 08:12 556315                     /usr/lib/libgraphite2.so.3.2.1
7f6f4009c000-7f6f400b6000 r-xp 00003000 08:12 556315                     /usr/lib/libgraphite2.so.3.2.1
7f6f400b6000-7f6f400bb000 r--p 0001d000 08:12 556315                     /usr/lib/libgraphite2.so.3.2.1
7f6f400bb000-7f6f400bd000 r--p 00021000 08:12 556315                     /usr/lib/libgraphite2.so.3.2.1
7f6f400bd000-7f6f400be000 rw-p 00023000 08:12 556315                     /usr/lib/libgraphite2.so.3.2.1
7f6f400be000-7f6f400c8000 r--p 00000000 08:12 556361                     /usr/lib/libharfbuzz.so.0.20400.0
7f6f400c8000-7f6f40171000 r-xp 0000a000 08:12 556361                     /usr/lib/libharfbuzz.so.0.20400.0
7f6f40171000-7f6f401b5000 r--p 000b3000 08:12 556361                     /usr/lib/libharfbuzz.so.0.20400.0
7f6f401b5000-7f6f401b6000 ---p 000f7000 08:12 556361                     /usr/lib/libharfbuzz.so.0.20400.0
7f6f401b6000-7f6f401b7000 r--p 000f7000 08:12 556361                     /usr/lib/libharfbuzz.so.0.20400.0
7f6f401b7000-7f6f401b8000 rw-p 000f8000 08:12 556361                     /usr/lib/libharfbuzz.so.0.20400.0
7f6f401b8000-7f6f401ba000 rw-p 00000000 00:00 0 
7f6f401ba000-7f6f401c0000 r--p 00000000 08:12 556301                     /usr/lib/libpng16.so.16.36.0
7f6f401c0000-7f6f401e4000 r-xp 00006000 08:12 556301                     /usr/lib/libpng16.so.16.36.0
7f6f401e4000-7f6f401f0000 r--p 0002a000 08:12 556301                     /usr/lib/libpng16.so.16.36.0
7f6f401f0000-7f6f401f1000 r--p 00035000 08:12 556301                     /usr/lib/libpng16.so.16.36.0
7f6f401f1000-7f6f401f2000 rw-p 00036000 08:12 556301                     /usr/lib/libpng16.so.16.36.0
7f6f401f2000-7f6f401ff000 r--p 00000000 08:12 556371                     /usr/lib/libfreetype.so.6.17.0
7f6f401ff000-7f6f40281000 r-xp 0000d000 08:12 556371                     /usr/lib/libfreetype.so.6.17.0
7f6f40281000-7f6f402b8000 r--p 0008f000 08:12 556371                     /usr/lib/libfreetype.so.6.17.0
7f6f402b8000-7f6f402b9000 ---p 000c6000 08:12 556371                     /usr/lib/libfreetype.so.6.17.0
7f6f402b9000-7f6f402c0000 r--p 000c6000 08:12 556371                     /usr/lib/libfreetype.so.6.17.0
7f6f402c0000-7f6f402c1000 rw-p 000cd000 08:12 556371                     /usr/lib/libfreetype.so.6.17.0
7f6f402c1000-7f6f402c5000 r--p 00000000 08:12 1190924                    /usr/lib/jvm/java-11-openjdk/lib/libfontmanager.so
7f6f402c5000-7f6f40339000 r-xp 00004000 08:12 1190924                    /usr/lib/jvm/java-11-openjdk/lib/libfontmanager.so
7f6f40339000-7f6f4036c000 r--p 00078000 08:12 1190924                    /usr/lib/jvm/java-11-openjdk/lib/libfontmanager.so
7f6f4036c000-7f6f4036d000 ---p 000ab000 08:12 1190924                    /usr/lib/jvm/java-11-openjdk/lib/libfontmanager.so
7f6f4036d000-7f6f4036e000 r--p 000ab000 08:12 1190924                    /usr/lib/jvm/java-11-openjdk/lib/libfontmanager.so
7f6f4036e000-7f6f4036f000 rw-p 000ac000 08:12 1190924                    /usr/lib/jvm/java-11-openjdk/lib/libfontmanager.so
7f6f4036f000-7f6f4056f000 rw-p 00000000 00:00 0 
7f6f4056f000-7f6f4057b000 r--p 00000000 08:12 552699                     /usr/lib/libxcb.so.1.1.0
7f6f4057b000-7f6f4058e000 r-xp 0000c000 08:12 552699                     /usr/lib/libxcb.so.1.1.0
7f6f4058e000-7f6f40597000 r--p 0001f000 08:12 552699                     /usr/lib/libxcb.so.1.1.0
7f6f40597000-7f6f40598000 r--p 00027000 08:12 552699                     /usr/lib/libxcb.so.1.1.0
7f6f40598000-7f6f40599000 rw-p 00028000 08:12 552699                     /usr/lib/libxcb.so.1.1.0
7f6f40599000-7f6f405b5000 r--p 00000000 08:12 555001                     /usr/lib/libX11.so.6.3.0
7f6f405b5000-7f6f4063d000 r-xp 0001c000 08:12 555001                     /usr/lib/libX11.so.6.3.0
7f6f4063d000-7f6f406d1000 r--p 000a4000 08:12 555001                     /usr/lib/libX11.so.6.3.0
7f6f406d1000-7f6f406d4000 r--p 00137000 08:12 555001                     /usr/lib/libX11.so.6.3.0
7f6f406d4000-7f6f406d8000 rw-p 0013a000 08:12 555001                     /usr/lib/libX11.so.6.3.0
7f6f406d8000-7f6f406e8000 r--p 00000000 08:12 1191114                    /usr/lib/jvm/java-11-openjdk/lib/libawt_xawt.so
7f6f406e8000-7f6f40725000 r-xp 00010000 08:12 1191114                    /usr/lib/jvm/java-11-openjdk/lib/libawt_xawt.so
7f6f40725000-7f6f40736000 r--p 0004d000 08:12 1191114                    /usr/lib/jvm/java-11-openjdk/lib/libawt_xawt.so
7f6f40736000-7f6f40737000 ---p 0005e000 08:12 1191114                    /usr/lib/jvm/java-11-openjdk/lib/libawt_xawt.so
7f6f40737000-7f6f40738000 r--p 0005e000 08:12 1191114                    /usr/lib/jvm/java-11-openjdk/lib/libawt_xawt.so
7f6f40738000-7f6f4073a000 rw-p 0005f000 08:12 1191114                    /usr/lib/jvm/java-11-openjdk/lib/libawt_xawt.so
7f6f4073a000-7f6f4073c000 rw-p 00000000 00:00 0 
7f6f4073c000-7f6f40769000 r--p 00000000 08:12 1190916                    /usr/lib/jvm/java-11-openjdk/lib/libawt.so
7f6f40769000-7f6f407d1000 r-xp 0002d000 08:12 1190916                    /usr/lib/jvm/java-11-openjdk/lib/libawt.so
7f6f407d1000-7f6f407de000 r--p 00095000 08:12 1190916                    /usr/lib/jvm/java-11-openjdk/lib/libawt.so
7f6f407de000-7f6f407df000 r--p 000a1000 08:12 1190916                    /usr/lib/jvm/java-11-openjdk/lib/libawt.so
7f6f407df000-7f6f407ea000 rw-p 000a2000 08:12 1190916                    /usr/lib/jvm/java-11-openjdk/lib/libawt.so
7f6f407ea000-7f6f40a0f000 rw-p 00000000 00:00 0 
7f6f40a0f000-7f6f40a10000 ---p 00000000 00:00 0 
7f6f40a10000-7f6f40b11000 rw-p 00000000 00:00 0 
7f6f40b11000-7f6f40b15000 ---p 00000000 00:00 0 
7f6f40b15000-7f6f40c12000 rw-p 00000000 00:00 0 
7f6f40c12000-7f6f40c16000 ---p 00000000 00:00 0 
7f6f40c16000-7f6f40d13000 rw-p 00000000 00:00 0 
7f6f40d13000-7f6f40d17000 ---p 00000000 00:00 0 
7f6f40d17000-7f6f40e14000 rw-p 00000000 00:00 0 
7f6f40e14000-7f6f40e18000 ---p 00000000 00:00 0 
7f6f40e18000-7f6f40f15000 rw-p 00000000 00:00 0 
7f6f40f15000-7f6f40f19000 ---p 00000000 00:00 0 
7f6f40f19000-7f6f41016000 rw-p 00000000 00:00 0 
7f6f41016000-7f6f4101a000 ---p 00000000 00:00 0 
7f6f4101a000-7f6f41117000 rw-p 00000000 00:00 0 
7f6f41117000-7f6f4111b000 ---p 00000000 00:00 0 
7f6f4111b000-7f6f41218000 rw-p 00000000 00:00 0 
7f6f41218000-7f6f4121c000 ---p 00000000 00:00 0 
7f6f4121c000-7f6f41319000 rw-p 00000000 00:00 0 
7f6f41319000-7f6f4131d000 ---p 00000000 00:00 0 
7f6f4131d000-7f6f4141a000 rw-p 00000000 00:00 0 
7f6f4141a000-7f6f416ff000 r--p 00000000 08:12 551750                     /usr/lib/locale/locale-archive
7f6f416ff000-7f6f41703000 ---p 00000000 00:00 0 
7f6f41703000-7f6f44000000 rw-p 00000000 00:00 0 
7f6f44000000-7f6f44021000 rw-p 00000000 00:00 0 
7f6f44021000-7f6f48000000 ---p 00000000 00:00 0 
7f6f48004000-7f6f48006000 r--p 00000000 08:12 531433                     /usr/lib/libbz2.so.1.0.6
7f6f48006000-7f6f48013000 r-xp 00002000 08:12 531433                     /usr/lib/libbz2.so.1.0.6
7f6f48013000-7f6f48015000 r--p 0000f000 08:12 531433                     /usr/lib/libbz2.so.1.0.6
7f6f48015000-7f6f48016000 r--p 00010000 08:12 531433                     /usr/lib/libbz2.so.1.0.6
7f6f48016000-7f6f48017000 rw-p 00011000 08:12 531433                     /usr/lib/libbz2.so.1.0.6
7f6f48017000-7f6f4801a000 r--p 00000000 08:12 555892                     /usr/lib/libXi.so.6.1.0
7f6f4801a000-7f6f48025000 r-xp 00003000 08:12 555892                     /usr/lib/libXi.so.6.1.0
7f6f48025000-7f6f48028000 r--p 0000e000 08:12 555892                     /usr/lib/libXi.so.6.1.0
7f6f48028000-7f6f48029000 r--p 00010000 08:12 555892                     /usr/lib/libXi.so.6.1.0
7f6f48029000-7f6f4802a000 rw-p 00011000 08:12 555892                     /usr/lib/libXi.so.6.1.0
7f6f4802a000-7f6f4802e000 ---p 00000000 00:00 0 
7f6f4802e000-7f6f4812b000 rw-p 00000000 00:00 0 
7f6f4812b000-7f6f4812c000 ---p 00000000 00:00 0 
7f6f4812c000-7f6f482ae000 rw-p 00000000 00:00 0 
7f6f482ae000-7f6f482af000 ---p 00000000 00:00 0 
7f6f482af000-7f6f48798000 rw-p 00000000 00:00 0 
7f6f48798000-7f6f4c1d8000 ---p 00000000 00:00 0 
7f6f4c1d8000-7f6f4c5c0000 rw-p 00000000 00:00 0 
7f6f4c5c0000-7f6f50000000 ---p 00000000 00:00 0 
7f6f50000000-7f6f50021000 rw-p 00000000 00:00 0 
7f6f50021000-7f6f54000000 ---p 00000000 00:00 0 
7f6f54002000-7f6f54003000 r--p 00000000 08:12 541536                     /usr/lib/libgmodule-2.0.so.0.6000.0
7f6f54003000-7f6f54005000 r-xp 00001000 08:12 541536                     /usr/lib/libgmodule-2.0.so.0.6000.0
7f6f54005000-7f6f54006000 r--p 00003000 08:12 541536                     /usr/lib/libgmodule-2.0.so.0.6000.0
7f6f54006000-7f6f54007000 r--p 00003000 08:12 541536                     /usr/lib/libgmodule-2.0.so.0.6000.0
7f6f54007000-7f6f54008000 rw-p 00004000 08:12 541536                     /usr/lib/libgmodule-2.0.so.0.6000.0
7f6f54008000-7f6f5400a000 r--p 00000000 08:12 531421                     /usr/lib/libXdmcp.so.6.0.0
7f6f5400a000-7f6f5400c000 r-xp 00002000 08:12 531421                     /usr/lib/libXdmcp.so.6.0.0
7f6f5400c000-7f6f5400e000 r--p 00004000 08:12 531421                     /usr/lib/libXdmcp.so.6.0.0
7f6f5400e000-7f6f5400f000 r--p 00005000 08:12 531421                     /usr/lib/libXdmcp.so.6.0.0
7f6f5400f000-7f6f54010000 rw-p 00006000 08:12 531421                     /usr/lib/libXdmcp.so.6.0.0
7f6f54010000-7f6f54014000 r--p 00000000 08:12 555828                     /usr/lib/libXext.so.6.4.0
7f6f54014000-7f6f5401f000 r-xp 00004000 08:12 555828                     /usr/lib/libXext.so.6.4.0
7f6f5401f000-7f6f54023000 r--p 0000f000 08:12 555828                     /usr/lib/libXext.so.6.4.0
7f6f54023000-7f6f54024000 r--p 00012000 08:12 555828                     /usr/lib/libXext.so.6.4.0
7f6f54024000-7f6f54025000 rw-p 00013000 08:12 555828                     /usr/lib/libXext.so.6.4.0
7f6f5402d000-7f6f54031000 r--p 00000000 08:12 559188                     /usr/lib/gio/modules/libdconfsettings.so
7f6f54031000-7f6f54036000 r-xp 00004000 08:12 559188                     /usr/lib/gio/modules/libdconfsettings.so
7f6f54036000-7f6f54038000 r--p 00009000 08:12 559188                     /usr/lib/gio/modules/libdconfsettings.so
7f6f54038000-7f6f54039000 ---p 0000b000 08:12 559188                     /usr/lib/gio/modules/libdconfsettings.so
7f6f54039000-7f6f5403a000 r--p 0000b000 08:12 559188                     /usr/lib/gio/modules/libdconfsettings.so
7f6f5403a000-7f6f5403b000 rw-p 0000c000 08:12 559188                     /usr/lib/gio/modules/libdconfsettings.so
7f6f5403b000-7f6f54045000 r--p 00000000 08:12 683085                     /usr/share/glib-2.0/schemas/gschemas.compiled
7f6f54045000-7f6f54049000 r--p 00000000 08:12 1190956                    /usr/lib/jvm/java-11-openjdk/lib/libnet.so
7f6f54049000-7f6f54059000 r-xp 00004000 08:12 1190956                    /usr/lib/jvm/java-11-openjdk/lib/libnet.so
7f6f54059000-7f6f5405d000 r--p 00014000 08:12 1190956                    /usr/lib/jvm/java-11-openjdk/lib/libnet.so
7f6f5405d000-7f6f5405e000 r--p 00017000 08:12 1190956                    /usr/lib/jvm/java-11-openjdk/lib/libnet.so
7f6f5405e000-7f6f5405f000 rw-p 00018000 08:12 1190956                    /usr/lib/jvm/java-11-openjdk/lib/libnet.so
7f6f5405f000-7f6f54061000 r--p 00000000 08:12 537841                     /usr/lib/libnss_myhostname.so.2
7f6f54061000-7f6f5406a000 r-xp 00002000 08:12 537841                     /usr/lib/libnss_myhostname.so.2
7f6f5406a000-7f6f5406f000 r--p 0000b000 08:12 537841                     /usr/lib/libnss_myhostname.so.2
7f6f5406f000-7f6f54070000 ---p 00010000 08:12 537841                     /usr/lib/libnss_myhostname.so.2
7f6f54070000-7f6f54073000 r--p 00010000 08:12 537841                     /usr/lib/libnss_myhostname.so.2
7f6f54073000-7f6f54074000 rw-p 00013000 08:12 537841                     /usr/lib/libnss_myhostname.so.2
7f6f54074000-7f6f54075000 ---p 00000000 00:00 0 
7f6f54075000-7f6f5497e000 rw-p 00000000 00:00 0 
7f6f5497e000-7f6f54bee000 rwxp 00000000 00:00 0 
7f6f54bee000-7f6f54f0f000 ---p 00000000 00:00 0 
7f6f54f0f000-7f6f5517f000 rwxp 00000000 00:00 0 
7f6f5517f000-7f6f5c446000 ---p 00000000 00:00 0 
7f6f5c446000-7f6f5c6b6000 rwxp 00000000 00:00 0 
7f6f5c6b6000-7f6f6397e000 ---p 00000000 00:00 0 
7f6f6397e000-7f6f6c000000 r--s 00000000 08:12 1190973                    /usr/lib/jvm/java-11-openjdk/lib/modules
7f6f6c000000-7f6f6c65d000 rw-p 00000000 00:00 0 
7f6f6c65d000-7f6f70000000 ---p 00000000 00:00 0 
7f6f70003000-7f6f70004000 r--p 00000000 08:13 16124847                   /home/asparagus/.config/dconf/user
7f6f70004000-7f6f70005000 r--s 00000000 00:2f 21925                      /run/user/1000/dconf/user
7f6f70005000-7f6f70007000 r--p 00000000 08:12 555974                     /usr/lib/libXtst.so.6.1.0
7f6f70007000-7f6f7000a000 r-xp 00002000 08:12 555974                     /usr/lib/libXtst.so.6.1.0
7f6f7000a000-7f6f7000b000 r--p 00005000 08:12 555974                     /usr/lib/libXtst.so.6.1.0
7f6f7000b000-7f6f7000c000 ---p 00006000 08:12 555974                     /usr/lib/libXtst.so.6.1.0
7f6f7000c000-7f6f7000d000 r--p 00006000 08:12 555974                     /usr/lib/libXtst.so.6.1.0
7f6f7000d000-7f6f7000e000 rw-p 00007000 08:12 555974                     /usr/lib/libXtst.so.6.1.0
7f6f7000e000-7f6f70014000 r--p 00000000 08:12 537842                     /usr/lib/libnss_mymachines.so.2
7f6f70014000-7f6f70041000 r-xp 00006000 08:12 537842                     /usr/lib/libnss_mymachines.so.2
7f6f70041000-7f6f70050000 r--p 00033000 08:12 537842                     /usr/lib/libnss_mymachines.so.2
7f6f70050000-7f6f70053000 r--p 00041000 08:12 537842                     /usr/lib/libnss_mymachines.so.2
7f6f70053000-7f6f70054000 rw-p 00044000 08:12 537842                     /usr/lib/libnss_mymachines.so.2
7f6f70054000-7f6f70055000 rw-p 00000000 00:00 0 
7f6f70055000-7f6f70057000 r--p 00000000 08:12 557656                     /usr/lib/libXrender.so.1.3.0
7f6f70057000-7f6f7005e000 r-xp 00002000 08:12 557656                     /usr/lib/libXrender.so.1.3.0
7f6f7005e000-7f6f70060000 r--p 00009000 08:12 557656                     /usr/lib/libXrender.so.1.3.0
7f6f70060000-7f6f70061000 r--p 0000a000 08:12 557656                     /usr/lib/libXrender.so.1.3.0
7f6f70061000-7f6f70062000 rw-p 0000b000 08:12 557656                     /usr/lib/libXrender.so.1.3.0
7f6f70062000-7f6f70069000 r--p 00000000 08:12 1190958                    /usr/lib/jvm/java-11-openjdk/lib/libnio.so
7f6f70069000-7f6f70070000 r-xp 00007000 08:12 1190958                    /usr/lib/jvm/java-11-openjdk/lib/libnio.so
7f6f70070000-7f6f70073000 r--p 0000e000 08:12 1190958                    /usr/lib/jvm/java-11-openjdk/lib/libnio.so
7f6f70073000-7f6f70074000 r--p 00010000 08:12 1190958                    /usr/lib/jvm/java-11-openjdk/lib/libnio.so
7f6f70074000-7f6f70075000 rw-p 00011000 08:12 1190958                    /usr/lib/jvm/java-11-openjdk/lib/libnio.so
7f6f70075000-7f6f70077000 r--p 00000000 08:12 1190920                    /usr/lib/jvm/java-11-openjdk/lib/libdt_socket.so
7f6f70077000-7f6f7007a000 r-xp 00002000 08:12 1190920                    /usr/lib/jvm/java-11-openjdk/lib/libdt_socket.so
7f6f7007a000-7f6f7007b000 r--p 00005000 08:12 1190920                    /usr/lib/jvm/java-11-openjdk/lib/libdt_socket.so
7f6f7007b000-7f6f7007c000 r--p 00005000 08:12 1190920                    /usr/lib/jvm/java-11-openjdk/lib/libdt_socket.so
7f6f7007c000-7f6f7007d000 rw-p 00006000 08:12 1190920                    /usr/lib/jvm/java-11-openjdk/lib/libdt_socket.so
7f6f7007d000-7f6f700d8000 rw-p 00000000 00:00 0 
7f6f700d8000-7f6f700d9000 ---p 00000000 00:00 0 
7f6f700d9000-7f6f701da000 rw-p 00000000 00:00 0 
7f6f701da000-7f6f701db000 ---p 00000000 00:00 0 
7f6f701db000-7f6f7045a000 rw-p 00000000 00:00 0 
7f6f7045a000-7f6f70ba2000 ---p 00000000 00:00 0 
7f6f70ba2000-7f6f70c1f000 rw-p 00000000 00:00 0 
7f6f70c1f000-7f6f71367000 ---p 00000000 00:00 0 
7f6f71367000-7f6f713e4000 rw-p 00000000 00:00 0 
7f6f713e4000-7f6f71b2c000 ---p 00000000 00:00 0 
7f6f71b2c000-7f6f72334000 rw-p 00000000 00:00 0 
7f6f72334000-7f6f72335000 ---p 00000000 00:00 0 
7f6f72335000-7f6f7243b000 rw-p 00000000 00:00 0 
7f6f7243b000-7f6f72521000 ---p 00000000 00:00 0 
7f6f72521000-7f6f72526000 rw-p 00000000 00:00 0 
7f6f72526000-7f6f7260c000 ---p 00000000 00:00 0 
7f6f7260c000-7f6f72611000 rw-p 00000000 00:00 0 
7f6f72611000-7f6f72618000 ---p 00000000 00:00 0 
7f6f72618000-7f6f7261b000 r--p 00000000 08:12 527683                     /usr/lib/libnss_files-2.28.so
7f6f7261b000-7f6f72622000 r-xp 00003000 08:12 527683                     /usr/lib/libnss_files-2.28.so
7f6f72622000-7f6f72625000 r--p 0000a000 08:12 527683                     /usr/lib/libnss_files-2.28.so
7f6f72625000-7f6f72626000 r--p 0000c000 08:12 527683                     /usr/lib/libnss_files-2.28.so
7f6f72626000-7f6f72627000 rw-p 0000d000 08:12 527683                     /usr/lib/libnss_files-2.28.so
7f6f72627000-7f6f7262d000 rw-p 00000000 00:00 0 
7f6f7262d000-7f6f7262e000 r--p 00000000 08:12 552617                     /usr/lib/libXau.so.6.0.0
7f6f7262e000-7f6f7262f000 r-xp 00001000 08:12 552617                     /usr/lib/libXau.so.6.0.0
7f6f7262f000-7f6f72630000 r--p 00002000 08:12 552617                     /usr/lib/libXau.so.6.0.0
7f6f72630000-7f6f72631000 r--p 00002000 08:12 552617                     /usr/lib/libXau.so.6.0.0
7f6f72631000-7f6f72632000 rw-p 00003000 08:12 552617                     /usr/lib/libXau.so.6.0.0
7f6f72632000-7f6f72634000 r--p 00000000 08:12 1190942                    /usr/lib/jvm/java-11-openjdk/lib/libjimage.so
7f6f72634000-7f6f72637000 r-xp 00002000 08:12 1190942                    /usr/lib/jvm/java-11-openjdk/lib/libjimage.so
7f6f72637000-7f6f72638000 r--p 00005000 08:12 1190942                    /usr/lib/jvm/java-11-openjdk/lib/libjimage.so
7f6f72638000-7f6f72639000 ---p 00006000 08:12 1190942                    /usr/lib/jvm/java-11-openjdk/lib/libjimage.so
7f6f72639000-7f6f7263a000 r--p 00006000 08:12 1190942                    /usr/lib/jvm/java-11-openjdk/lib/libjimage.so
7f6f7263a000-7f6f7263b000 rw-p 00007000 08:12 1190942                    /usr/lib/jvm/java-11-openjdk/lib/libjimage.so
7f6f7263b000-7f6f7263d000 r--p 00000000 08:12 1190972                    /usr/lib/jvm/java-11-openjdk/lib/libzip.so
7f6f7263d000-7f6f72641000 r-xp 00002000 08:12 1190972                    /usr/lib/jvm/java-11-openjdk/lib/libzip.so
7f6f72641000-7f6f72643000 r--p 00006000 08:12 1190972                    /usr/lib/jvm/java-11-openjdk/lib/libzip.so
7f6f72643000-7f6f72644000 r--p 00007000 08:12 1190972                    /usr/lib/jvm/java-11-openjdk/lib/libzip.so
7f6f72644000-7f6f72645000 rw-p 00008000 08:12 1190972                    /usr/lib/jvm/java-11-openjdk/lib/libzip.so
7f6f72645000-7f6f7264d000 rw-s 00000000 00:2a 181183                     /tmp/hsperfdata_asparagus/19383
7f6f7264d000-7f6f7264f000 r--p 00000000 08:12 1190940                    /usr/lib/jvm/java-11-openjdk/lib/libjdwp.so
7f6f7264f000-7f6f7267d000 r-xp 00002000 08:12 1190940                    /usr/lib/jvm/java-11-openjdk/lib/libjdwp.so
7f6f7267d000-7f6f7268b000 r--p 00030000 08:12 1190940                    /usr/lib/jvm/java-11-openjdk/lib/libjdwp.so
7f6f7268b000-7f6f7268c000 r--p 0003d000 08:12 1190940                    /usr/lib/jvm/java-11-openjdk/lib/libjdwp.so
7f6f7268c000-7f6f7268d000 rw-p 0003e000 08:12 1190940                    /usr/lib/jvm/java-11-openjdk/lib/libjdwp.so
7f6f7268d000-7f6f7269b000 r--p 00000000 08:12 1190936                    /usr/lib/jvm/java-11-openjdk/lib/libjava.so
7f6f7269b000-7f6f726b0000 r-xp 0000e000 08:12 1190936                    /usr/lib/jvm/java-11-openjdk/lib/libjava.so
7f6f726b0000-7f6f726b6000 r--p 00023000 08:12 1190936                    /usr/lib/jvm/java-11-openjdk/lib/libjava.so
7f6f726b6000-7f6f726b7000 ---p 00029000 08:12 1190936                    /usr/lib/jvm/java-11-openjdk/lib/libjava.so
7f6f726b7000-7f6f726b8000 r--p 00029000 08:12 1190936                    /usr/lib/jvm/java-11-openjdk/lib/libjava.so
7f6f726b8000-7f6f726b9000 rw-p 0002a000 08:12 1190936                    /usr/lib/jvm/java-11-openjdk/lib/libjava.so
7f6f726b9000-7f6f726ba000 rw-p 00000000 00:00 0 
7f6f726ba000-7f6f726bc000 r--p 00000000 08:12 527698                     /usr/lib/librt-2.28.so
7f6f726bc000-7f6f726c0000 r-xp 00002000 08:12 527698                     /usr/lib/librt-2.28.so
7f6f726c0000-7f6f726c2000 r--p 00006000 08:12 527698                     /usr/lib/librt-2.28.so
7f6f726c2000-7f6f726c3000 r--p 00007000 08:12 527698                     /usr/lib/librt-2.28.so
7f6f726c3000-7f6f726c4000 rw-p 00008000 08:12 527698                     /usr/lib/librt-2.28.so
7f6f726c4000-7f6f726c8000 ---p 00000000 00:00 0 
7f6f726c8000-7f6f727c5000 rw-p 00000000 00:00 0 
7f6f727c5000-7f6f727c8000 r--p 00000000 08:12 528436                     /usr/lib/libgcc_s.so.1
7f6f727c8000-7f6f727d9000 r-xp 00003000 08:12 528436                     /usr/lib/libgcc_s.so.1
7f6f727d9000-7f6f727dc000 r--p 00014000 08:12 528436                     /usr/lib/libgcc_s.so.1
7f6f727dc000-7f6f727dd000 ---p 00017000 08:12 528436                     /usr/lib/libgcc_s.so.1
7f6f727dd000-7f6f727de000 r--p 00017000 08:12 528436                     /usr/lib/libgcc_s.so.1
7f6f727de000-7f6f727df000 rw-p 00018000 08:12 528436                     /usr/lib/libgcc_s.so.1
7f6f727df000-7f6f727ec000 r--p 00000000 08:12 527661                     /usr/lib/libm-2.28.so
7f6f727ec000-7f6f7288d000 r-xp 0000d000 08:12 527661                     /usr/lib/libm-2.28.so
7f6f7288d000-7f6f72962000 r--p 000ae000 08:12 527661                     /usr/lib/libm-2.28.so
7f6f72962000-7f6f72963000 r--p 00182000 08:12 527661                     /usr/lib/libm-2.28.so
7f6f72963000-7f6f72964000 rw-p 00183000 08:12 527661                     /usr/lib/libm-2.28.so
7f6f72964000-7f6f729ed000 r--p 00000000 08:12 528466                     /usr/lib/libstdc++.so.6.0.25
7f6f729ed000-7f6f72aa5000 r-xp 00089000 08:12 528466                     /usr/lib/libstdc++.so.6.0.25
7f6f72aa5000-7f6f72ae2000 r--p 00141000 08:12 528466                     /usr/lib/libstdc++.so.6.0.25
7f6f72ae2000-7f6f72ae3000 ---p 0017e000 08:12 528466                     /usr/lib/libstdc++.so.6.0.25
7f6f72ae3000-7f6f72aef000 r--p 0017e000 08:12 528466                     /usr/lib/libstdc++.so.6.0.25
7f6f72aef000-7f6f72af0000 rw-p 0018a000 08:12 528466                     /usr/lib/libstdc++.so.6.0.25
7f6f72af0000-7f6f72af3000 rw-p 00000000 00:00 0 
7f6f72af3000-7f6f72d64000 r--p 00000000 08:12 1190984                    /usr/lib/jvm/java-11-openjdk/lib/server/libjvm.so
7f6f72d64000-7f6f73926000 r-xp 00271000 08:12 1190984                    /usr/lib/jvm/java-11-openjdk/lib/server/libjvm.so
7f6f73926000-7f6f73b63000 r--p 00e33000 08:12 1190984                    /usr/lib/jvm/java-11-openjdk/lib/server/libjvm.so
7f6f73b63000-7f6f73b64000 ---p 01070000 08:12 1190984                    /usr/lib/jvm/java-11-openjdk/lib/server/libjvm.so
7f6f73b64000-7f6f73c23000 r--p 01070000 08:12 1190984                    /usr/lib/jvm/java-11-openjdk/lib/server/libjvm.so
7f6f73c23000-7f6f73c5c000 rw-p 0112f000 08:12 1190984                    /usr/lib/jvm/java-11-openjdk/lib/server/libjvm.so
7f6f73c5c000-7f6f73cb4000 rw-p 00000000 00:00 0 
7f6f73cb4000-7f6f73cba000 r--p 00000000 08:12 527690                     /usr/lib/libpthread-2.28.so
7f6f73cba000-7f6f73cc9000 r-xp 00006000 08:12 527690                     /usr/lib/libpthread-2.28.so
7f6f73cc9000-7f6f73ccf000 r--p 00015000 08:12 527690                     /usr/lib/libpthread-2.28.so
7f6f73ccf000-7f6f73cd0000 r--p 0001a000 08:12 527690                     /usr/lib/libpthread-2.28.so
7f6f73cd0000-7f6f73cd1000 rw-p 0001b000 08:12 527690                     /usr/lib/libpthread-2.28.so
7f6f73cd1000-7f6f73cd5000 rw-p 00000000 00:00 0 
7f6f73cd5000-7f6f73cd6000 r--p 00000000 08:12 527655                     /usr/lib/libdl-2.28.so
7f6f73cd6000-7f6f73cd7000 r-xp 00001000 08:12 527655                     /usr/lib/libdl-2.28.so
7f6f73cd7000-7f6f73cd8000 r--p 00002000 08:12 527655                     /usr/lib/libdl-2.28.so
7f6f73cd8000-7f6f73cd9000 r--p 00002000 08:12 527655                     /usr/lib/libdl-2.28.so
7f6f73cd9000-7f6f73cda000 rw-p 00003000 08:12 527655                     /usr/lib/libdl-2.28.so
7f6f73cda000-7f6f73cf0000 r-xp 00000000 08:12 538968                     /usr/lib/libz.so.1.2.11
7f6f73cf0000-7f6f73eef000 ---p 00016000 08:12 538968                     /usr/lib/libz.so.1.2.11
7f6f73eef000-7f6f73ef0000 r--p 00015000 08:12 538968                     /usr/lib/libz.so.1.2.11
7f6f73ef0000-7f6f73ef1000 rw-p 00016000 08:12 538968                     /usr/lib/libz.so.1.2.11
7f6f73ef1000-7f6f73f13000 r--p 00000000 08:12 527646                     /usr/lib/libc-2.28.so
7f6f73f13000-7f6f7405e000 r-xp 00022000 08:12 527646                     /usr/lib/libc-2.28.so
7f6f7405e000-7f6f740aa000 r--p 0016d000 08:12 527646                     /usr/lib/libc-2.28.so
7f6f740aa000-7f6f740ab000 ---p 001b9000 08:12 527646                     /usr/lib/libc-2.28.so
7f6f740ab000-7f6f740af000 r--p 001b9000 08:12 527646                     /usr/lib/libc-2.28.so
7f6f740af000-7f6f740b1000 rw-p 001bd000 08:12 527646                     /usr/lib/libc-2.28.so
7f6f740b1000-7f6f740b5000 rw-p 00000000 00:00 0 
7f6f740b5000-7f6f740b7000 r--p 00000000 08:12 1190926                    /usr/lib/jvm/java-11-openjdk/lib/libinstrument.so
7f6f740b7000-7f6f740bd000 r-xp 00002000 08:12 1190926                    /usr/lib/jvm/java-11-openjdk/lib/libinstrument.so
7f6f740bd000-7f6f740c0000 r--p 00008000 08:12 1190926                    /usr/lib/jvm/java-11-openjdk/lib/libinstrument.so
7f6f740c0000-7f6f740c1000 r--p 0000a000 08:12 1190926                    /usr/lib/jvm/java-11-openjdk/lib/libinstrument.so
7f6f740c1000-7f6f740c2000 rw-p 0000b000 08:12 1190926                    /usr/lib/jvm/java-11-openjdk/lib/libinstrument.so
7f6f740c2000-7f6f740c3000 ---p 00000000 00:00 0 
7f6f740c3000-7f6f740c4000 r--p 00000000 00:00 0 
7f6f740c4000-7f6f740c9000 r--p 00000000 08:12 1190970                    /usr/lib/jvm/java-11-openjdk/lib/libverify.so
7f6f740c9000-7f6f740d0000 r-xp 00005000 08:12 1190970                    /usr/lib/jvm/java-11-openjdk/lib/libverify.so
7f6f740d0000-7f6f740d2000 r--p 0000c000 08:12 1190970                    /usr/lib/jvm/java-11-openjdk/lib/libverify.so
7f6f740d2000-7f6f740d4000 r--p 0000d000 08:12 1190970                    /usr/lib/jvm/java-11-openjdk/lib/libverify.so
7f6f740d4000-7f6f740d5000 rw-p 0000f000 08:12 1190970                    /usr/lib/jvm/java-11-openjdk/lib/libverify.so
7f6f740d5000-7f6f740d8000 r--p 00000000 08:12 1190912                    /usr/lib/jvm/java-11-openjdk/lib/jli/libjli.so
7f6f740d8000-7f6f740e2000 r-xp 00003000 08:12 1190912                    /usr/lib/jvm/java-11-openjdk/lib/jli/libjli.so
7f6f740e2000-7f6f740e5000 r--p 0000d000 08:12 1190912                    /usr/lib/jvm/java-11-openjdk/lib/jli/libjli.so
7f6f740e5000-7f6f740e6000 ---p 00010000 08:12 1190912                    /usr/lib/jvm/java-11-openjdk/lib/jli/libjli.so
7f6f740e6000-7f6f740e7000 r--p 00010000 08:12 1190912                    /usr/lib/jvm/java-11-openjdk/lib/jli/libjli.so
7f6f740e7000-7f6f740e8000 rw-p 00011000 08:12 1190912                    /usr/lib/jvm/java-11-openjdk/lib/jli/libjli.so
7f6f740e8000-7f6f740ea000 rw-p 00000000 00:00 0 
7f6f740ea000-7f6f740ec000 r--p 00000000 08:12 527635                     /usr/lib/ld-2.28.so
7f6f740ec000-7f6f7410b000 r-xp 00002000 08:12 527635                     /usr/lib/ld-2.28.so
7f6f7410b000-7f6f74113000 r--p 00021000 08:12 527635                     /usr/lib/ld-2.28.so
7f6f74113000-7f6f74114000 r--p 00028000 08:12 527635                     /usr/lib/ld-2.28.so
7f6f74114000-7f6f74115000 rw-p 00029000 08:12 527635                     /usr/lib/ld-2.28.so
7f6f74115000-7f6f74116000 rw-p 00000000 00:00 0 
7ffdbf4f3000-7ffdbf514000 rw-p 00000000 00:00 0                          [stack]
7ffdbf55d000-7ffdbf560000 r--p 00000000 00:00 0                          [vvar]
7ffdbf560000-7ffdbf561000 r-xp 00000000 00:00 0                          [vdso]


VM Arguments:
jvm_args: -agentlib:jdwp=transport=dt_socket,suspend=y,address=localhost:33643 -javaagent:/home/asparagus/.eclipse/org.eclipse.platform_4.11.0_155965261_linux_gtk_x86_64/configuration/org.eclipse.osgi/219/0/.cp/lib/javaagent-shaded.jar -Dfile.encoding=UTF-8 
java_command: clueGame.ControlPanel
java_class_path (initial): /home/asparagus/Desktop/ClueGameWorkspace/ClueGame/bin:/usr/lib/eclipse/plugins/org.junit_4.12.0.v201504281640/junit.jar:/usr/lib/eclipse/plugins/org.hamcrest.core_1.3.0.v20180420-1519.jar
Launcher Type: SUN_STANDARD

[Global flags]
     intx CICompilerCount                          = 4                                         {product} {ergonomic}
     uint ConcGCThreads                            = 2                                         {product} {ergonomic}
     uint G1ConcRefinementThreads                  = 8                                         {product} {ergonomic}
   size_t G1HeapRegionSize                         = 1048576                                   {product} {ergonomic}
    uintx GCDrainStackTargetSize                   = 64                                        {product} {ergonomic}
   size_t InitialHeapSize                          = 262144000                                 {product} {ergonomic}
   size_t MarkStackSize                            = 4194304                                   {product} {ergonomic}
   size_t MaxHeapSize                              = 4171235328                                {product} {ergonomic}
   size_t MaxNewSize                               = 2501902336                                {product} {ergonomic}
   size_t MinHeapDeltaBytes                        = 1048576                                   {product} {ergonomic}
    uintx NonNMethodCodeHeapSize                   = 5835340                                {pd product} {ergonomic}
    uintx NonProfiledCodeHeapSize                  = 122911450                              {pd product} {ergonomic}
    uintx ProfiledCodeHeapSize                     = 122911450                              {pd product} {ergonomic}
    uintx ReservedCodeCacheSize                    = 251658240                              {pd product} {ergonomic}
     bool SegmentedCodeCache                       = true                                      {product} {ergonomic}
     bool UseCompressedClassPointers               = true                                 {lp64_product} {ergonomic}
     bool UseCompressedOops                        = true                                 {lp64_product} {ergonomic}
     bool UseG1GC                                  = true                                      {product} {ergonomic}

Logging:
Log output configuration:
 #0: stdout all=warning uptime,level,tags
 #1: stderr all=off uptime,level,tags

Environment Variables:
PATH=/usr/local/sbin:/usr/local/bin:/usr/bin:/usr/lib/jvm/default/bin:/usr/bin/site_perl:/usr/bin/vendor_perl:/usr/bin/core_perl
SHELL=/usr/bin/zsh
DISPLAY=:0

Signal Handlers:
SIGSEGV: [libjvm.so+0xdbd440], sa_mask[0]=11111111011111111101111111111110, sa_flags=SA_RESTART|SA_SIGINFO
SIGBUS: [libjvm.so+0xdbd440], sa_mask[0]=11111111011111111101111111111110, sa_flags=SA_RESTART|SA_SIGINFO
SIGFPE: [libjvm.so+0xdbd440], sa_mask[0]=11111111011111111101111111111110, sa_flags=SA_RESTART|SA_SIGINFO
SIGPIPE: SIG_IGN, sa_mask[0]=00000000000010000000000000000000, sa_flags=SA_RESTART
SIGXFSZ: [libjvm.so+0xbb3cf0], sa_mask[0]=11111111011111111101111111111110, sa_flags=SA_RESTART|SA_SIGINFO
SIGILL: [libjvm.so+0xdbd440], sa_mask[0]=11111111011111111101111111111110, sa_flags=SA_RESTART|SA_SIGINFO
SIGUSR2: [libjvm.so+0xbb3b50], sa_mask[0]=00100000000000000000000000000000, sa_flags=SA_RESTART|SA_SIGINFO
SIGHUP: [libjvm.so+0xbb4160], sa_mask[0]=11111111011111111101111111111110, sa_flags=SA_RESTART|SA_SIGINFO
SIGINT: SIG_IGN, sa_mask[0]=00000000000000000000000000000000, sa_flags=none
SIGTERM: [libjvm.so+0xbb4160], sa_mask[0]=11111111011111111101111111111110, sa_flags=SA_RESTART|SA_SIGINFO
SIGQUIT: [libjvm.so+0xbb4160], sa_mask[0]=11111111011111111101111111111110, sa_flags=SA_RESTART|SA_SIGINFO


---------------  S Y S T E M  ---------------

OS:NAME="Arch Linux"
PRETTY_NAME="Arch Linux"
ID=arch
BUILD_ID=rolling
ANSI_COLOR="0;36"
HOME_URL="https://www.archlinux.org/"
DOCUMENTATION_URL="https://wiki.archlinux.org/"
SUPPORT_URL="https://bbs.archlinux.org/"
BUG_REPORT_URL="https://bugs.archlinux.org/"
uname:Linux 5.0.7-arch1-1-ARCH #1 SMP PREEMPT Mon Apr 8 10:37:08 UTC 2019 x86_64
libc:glibc 2.28 NPTL 2.28 
rlimit: STACK 8192k, CORE infinity, NPROC 63558, NOFILE 524288, AS infinity, DATA infinity, FSIZE infinity
load average:0.74 0.63 0.79

/proc/meminfo:
MemTotal:       16286256 kB
MemFree:        11276820 kB
MemAvailable:   12578020 kB
Buffers:           77276 kB
Cached:          1733204 kB
SwapCached:            0 kB
Active:          3509928 kB
Inactive:        1052144 kB
Active(anon):    2907260 kB
Inactive(anon):   135472 kB
Active(file):     602668 kB
Inactive(file):   916672 kB
Unevictable:      153180 kB
Mlocked:              32 kB
SwapTotal:             0 kB
SwapFree:              0 kB
Dirty:               372 kB
Writeback:             0 kB
AnonPages:       2905292 kB
Mapped:           505388 kB
Shmem:            290752 kB
KReclaimable:      81332 kB
Slab:             136528 kB
SReclaimable:      81332 kB
SUnreclaim:        55196 kB
KernelStack:        9808 kB
PageTables:        18384 kB
NFS_Unstable:          0 kB
Bounce:                0 kB
WritebackTmp:          0 kB
CommitLimit:     8143128 kB
Committed_AS:    5009508 kB
VmallocTotal:   34359738367 kB
VmallocUsed:           0 kB
VmallocChunk:          0 kB
Percpu:             2496 kB
HardwareCorrupted:     0 kB
AnonHugePages:         0 kB
ShmemHugePages:        0 kB
ShmemPmdMapped:        0 kB
HugePages_Total:       0
HugePages_Free:        0
HugePages_Rsvd:        0
HugePages_Surp:        0
Hugepagesize:       2048 kB
Hugetlb:               0 kB
DirectMap4k:      183956 kB
DirectMap2M:     5969920 kB
DirectMap1G:    11534336 kB


/proc/sys/kernel/threads-max (system-wide limit on the number of threads):
127117


/proc/sys/vm/max_map_count (maximum number of memory map areas a process may have):
65530


/proc/sys/kernel/pid_max (system-wide limit on number of process identifiers):
32768



container (cgroup) information:
container_type: cgroupv1
cpu_cpuset_cpus: 0-7
cpu_memory_nodes: 0
active_processor_count: 8
cpu_quota: -1
cpu_period: 100000
cpu_shares: -1
memory_limit_in_bytes: -1
memory_and_swap_limit_in_bytes: -1
memory_soft_limit_in_bytes: -1
memory_usage_in_bytes: 4684587008
memory_max_usage_in_bytes: 4847333376


CPU:total 8 (initial active 8) (4 cores per cpu, 2 threads per core) family 6 model 158 stepping 9, cmov, cx8, fxsr, mmx, sse, sse2, sse3, ssse3, sse4.1, sse4.2, popcnt, avx, avx2, aes, clmul, erms, 3dnowpref, lzcnt, ht, tsc, tscinvbit, bmi1, bmi2, adx, fma
CPU Model and flags from /proc/cpuinfo:
model name	: Intel(R) Core(TM) i7-7700HQ CPU @ 2.80GHz
flags		: fpu vme de pse tsc msr pae mce cx8 apic sep mtrr pge mca cmov pat pse36 clflush dts acpi mmx fxsr sse sse2 ss ht tm pbe syscall nx pdpe1gb rdtscp lm constant_tsc art arch_perfmon pebs bts rep_good nopl xtopology nonstop_tsc cpuid aperfmperf tsc_known_freq pni pclmulqdq dtes64 monitor ds_cpl vmx est tm2 ssse3 sdbg fma cx16 xtpr pdcm pcid sse4_1 sse4_2 x2apic movbe popcnt tsc_deadline_timer aes xsave avx f16c rdrand lahf_lm abm 3dnowprefetch cpuid_fault epb invpcid_single pti ssbd ibrs ibpb stibp tpr_shadow vnmi flexpriority ept vpid ept_ad fsgsbase tsc_adjust bmi1 avx2 smep bmi2 erms invpcid mpx rdseed adx smap clflushopt intel_pt xsaveopt xsavec xgetbv1 xsaves dtherm arat pln pts hwp hwp_notify hwp_act_window hwp_epp flush_l1d

Memory: 4k page, physical 16286256k(11276820k free), swap 0k(0k free)

vm_info: OpenJDK 64-Bit Server VM (11.0.3+4) for linux-amd64 JRE (11.0.3+4), built on Mar 21 2019 10:26:21 by "builduser" with gcc 8.2.1 20181127

END.
